[INFO] Scanning for projects...
[INFO] 
[INFO] ------------------------< com.force:dataloader >------------------------
[INFO] Building Salesforce Data Loader 63.0.0
[INFO]   from pom.xml
[INFO] --------------------------------[ jar ]---------------------------------
[INFO] 
[INFO] --- clean:3.4.0:clean (default-clean) @ dataloader ---
[INFO] Deleting /Users/ashit.patel/salesforce/dataloader-java17-latest/target
[INFO] 
[INFO] --- enforcer:3.5.0:enforce (enforce-maven) @ dataloader ---
[INFO] Rule 0: org.apache.maven.enforcer.rules.version.RequireMavenVersion passed
[INFO] 
[INFO] --- resources:3.3.1:resources (default-resources) @ dataloader ---
[INFO] Copying 5 resources from src/main/resources to target/classes
[INFO] Copying 46 resources from src/main/resources to target/classes
[INFO] The encoding used to copy filtered properties files have not been set. This means that the same encoding will be used to copy filtered properties files as when copying other filtered resources. This might not be what you want! Run your build with --debug to see which files might be affected. Read more at https://maven.apache.org/plugins/maven-resources-plugin/examples/filtering-properties-files.html
[INFO] 
[INFO] --- compiler:3.13.0:compile (default-compile) @ dataloader ---
[WARNING] Parameter 'forceJavacCompilerUse' (user property 'maven.compiler.forceJavacCompilerUse') is deprecated: Use forceLegacyJavacApi instead
[INFO] Recompiling the module because of changed source code.
[INFO] Compiling 228 source files with javac [debug release 17] to target/classes
[INFO] 
[INFO] --- antrun:3.1.0:run (default) @ dataloader ---
[INFO] Executing tasks
[INFO]      [copy] Copying 2 files to /Users/ashit.patel/salesforce/dataloader-java17-latest/target/classes/mac
[INFO]      [copy] Copying 1 file to /Users/ashit.patel/salesforce/dataloader-java17-latest/target/classes/win
[INFO]      [copy] Copying 2 files to /Users/ashit.patel/salesforce/dataloader-java17-latest/target/classes/linux
[INFO]     [apply] 	zip warning: name not matched: META-INF/ECLIPSE_.SF
[INFO]     [apply] 	zip warning: name not matched: META-INF/ECLIPSE_.DSA
[INFO]     [apply] 	zip warning: name not matched: META-INF/ECLIPSE_.RSA
[INFO]     [apply] 
[INFO]     [apply] zip error: Nothing to do! (/Users/ashit.patel/salesforce/dataloader-java17-latest/target/classes/linux/swtlinux_aarch64-4.33.jar)
[ERROR]     [apply] Result: 12
[INFO]     [apply] 	zip warning: name not matched: META-INF/ECLIPSE_.SF
[INFO]     [apply] 	zip warning: name not matched: META-INF/ECLIPSE_.DSA
[INFO]     [apply] 	zip warning: name not matched: META-INF/ECLIPSE_.RSA
[INFO]     [apply] 
[INFO]     [apply] zip error: Nothing to do! (/Users/ashit.patel/salesforce/dataloader-java17-latest/target/classes/linux/swtlinux_x86_64-4.33.jar)
[ERROR]     [apply] Result: 12
[INFO]     [apply] 	zip warning: name not matched: META-INF/ECLIPSE_.SF
[INFO]     [apply] 	zip warning: name not matched: META-INF/ECLIPSE_.DSA
[INFO]     [apply] 	zip warning: name not matched: META-INF/ECLIPSE_.RSA
[INFO]     [apply] 
[INFO]     [apply] zip error: Nothing to do! (/Users/ashit.patel/salesforce/dataloader-java17-latest/target/classes/mac/swtmac_aarch64-4.33.jar)
[ERROR]     [apply] Result: 12
[INFO]     [apply] 	zip warning: name not matched: META-INF/ECLIPSE_.SF
[INFO]     [apply] 	zip warning: name not matched: META-INF/ECLIPSE_.DSA
[INFO]     [apply] 	zip warning: name not matched: META-INF/ECLIPSE_.RSA
[INFO]     [apply] 
[INFO]     [apply] zip error: Nothing to do! (/Users/ashit.patel/salesforce/dataloader-java17-latest/target/classes/mac/swtmac_x86_64-4.33.jar)
[ERROR]     [apply] Result: 12
[INFO]     [apply] 	zip warning: name not matched: META-INF/ECLIPSE_.SF
[INFO]     [apply] 	zip warning: name not matched: META-INF/ECLIPSE_.DSA
[INFO]     [apply] 	zip warning: name not matched: META-INF/ECLIPSE_.RSA
[INFO]     [apply] 
[INFO]     [apply] zip error: Nothing to do! (/Users/ashit.patel/salesforce/dataloader-java17-latest/target/classes/win/swtwin32_x86_64-4.33.jar)
[ERROR]     [apply] Result: 12
[INFO]     [mkdir] Created dir: /Users/ashit.patel/salesforce/dataloader-java17-latest/target/zipartifacts
[INFO]      [copy] Copying 1 file to /Users/ashit.patel/salesforce/dataloader-java17-latest/target/zipartifacts
[INFO]      [copy] Copying 1 file to /Users/ashit.patel/salesforce/dataloader-java17-latest/target/zipartifacts
[INFO]      [copy] Copying 1 file to /Users/ashit.patel/salesforce/dataloader-java17-latest/target/zipartifacts/util
[INFO]      [copy] Copying 1 file to /Users/ashit.patel/salesforce/dataloader-java17-latest/target/zipartifacts/util
[INFO]      [copy] Copying 1 file to /Users/ashit.patel/salesforce/dataloader-java17-latest/target/classes/linux
[INFO]      [copy] Copying 1 file to /Users/ashit.patel/salesforce/dataloader-java17-latest/target/classes/linux/util
[INFO] Executed tasks
[INFO] 
[INFO] --- sortpom:4.0.0:sort (default) @ dataloader ---
[INFO] Sorting file /Users/ashit.patel/salesforce/dataloader-java17-latest/pom.xml
[INFO] Pom file is already sorted, exiting
[INFO] 
[INFO] --- resources:3.3.1:testResources (default-testResources) @ dataloader ---
[INFO] Copying 108 resources from src/test/resources to target/test-classes
[INFO] The encoding used to copy filtered properties files have not been set. This means that the same encoding will be used to copy filtered properties files as when copying other filtered resources. This might not be what you want! Run your build with --debug to see which files might be affected. Read more at https://maven.apache.org/plugins/maven-resources-plugin/examples/filtering-properties-files.html
[INFO] 
[INFO] --- compiler:3.13.0:testCompile (default-testCompile) @ dataloader ---
[WARNING] Parameter 'forceJavacCompilerUse' (user property 'maven.compiler.forceJavacCompilerUse') is deprecated: Use forceLegacyJavacApi instead
[INFO] Recompiling the module because of changed dependency.
[INFO] Compiling 56 source files with javac [debug release 17] to target/test-classes
[INFO] 
[INFO] --- surefire:3.5.2:test (default-test) @ dataloader ---
[INFO] Tests are skipped.
[INFO] 
[INFO] --- jar:3.4.2:jar (default-jar) @ dataloader ---
[INFO] Building jar: /Users/ashit.patel/salesforce/dataloader-java17-latest/target/dataloader-63.0.0.jar
[INFO] 
[INFO] --- license:4.6:check (default) @ dataloader ---
[INFO] Checking licenses...
[INFO] 
[INFO] --- shade:3.6.0:shade (make-shaded-jar) @ dataloader ---
[INFO] Including com.google.code.gson:gson:jar:2.11.0 in the shaded jar.
[INFO] Including com.google.errorprone:error_prone_annotations:jar:2.27.0 in the shaded jar.
[INFO] Including com.force.api:force-partner-api:jar:63.0.0 in the shaded jar.
[INFO] Including com.force.api:force-wsc:jar:63.0.0 in the shaded jar.
[INFO] Including org.antlr:ST4:jar:4.3 in the shaded jar.
[INFO] Including org.antlr:antlr-runtime:jar:3.5.2 in the shaded jar.
[INFO] Including com.fasterxml.jackson.core:jackson-core:jar:2.17.1 in the shaded jar.
[INFO] Including com.fasterxml.jackson.core:jackson-annotations:jar:2.17.1 in the shaded jar.
[INFO] Including com.fasterxml.jackson.core:jackson-databind:jar:2.17.1 in the shaded jar.
[INFO] Including commons-beanutils:commons-beanutils:jar:1.9.4 in the shaded jar.
[INFO] Including commons-collections:commons-collections:jar:3.2.2 in the shaded jar.
[INFO] Including org.apache.commons:commons-dbcp2:jar:2.13.0 in the shaded jar.
[INFO] Including org.apache.commons:commons-pool2:jar:2.12.0 in the shaded jar.
[INFO] Including jakarta.transaction:jakarta.transaction-api:jar:1.3.3 in the shaded jar.
[INFO] Including commons-io:commons-io:jar:2.18.0 in the shaded jar.
[INFO] Including org.apache.logging.log4j:log4j-core:jar:2.24.3 in the shaded jar.
[INFO] Including org.apache.logging.log4j:log4j-api:jar:2.24.3 in the shaded jar.
[INFO] Including org.apache.httpcomponents:httpclient:jar:4.5.14 in the shaded jar.
[INFO] Including org.apache.httpcomponents:httpcore:jar:4.4.16 in the shaded jar.
[INFO] Including commons-codec:commons-codec:jar:1.11 in the shaded jar.
[INFO] Including org.springframework:spring-context:jar:6.2.2 in the shaded jar.
[INFO] Including org.springframework:spring-aop:jar:6.2.2 in the shaded jar.
[INFO] Including org.springframework:spring-beans:jar:6.2.2 in the shaded jar.
[INFO] Including org.springframework:spring-core:jar:6.2.2 in the shaded jar.
[INFO] Including org.springframework:spring-jcl:jar:6.2.2 in the shaded jar.
[INFO] Including org.springframework:spring-expression:jar:6.2.2 in the shaded jar.
[INFO] Including io.micrometer:micrometer-observation:jar:1.14.3 in the shaded jar.
[INFO] Including io.micrometer:micrometer-commons:jar:1.14.3 in the shaded jar.
[INFO] Including org.eclipse.platform:org.eclipse.jface:jar:3.35.100 in the shaded jar.
[INFO] Including org.eclipse.platform:org.eclipse.core.commands:jar:3.12.200 in the shaded jar.
[INFO] Including org.eclipse.platform:org.eclipse.equinox.common:jar:3.19.200 in the shaded jar.
[INFO] Including org.eclipse.platform:org.eclipse.osgi:jar:3.22.0 in the shaded jar.
[INFO] Including org.apache.commons:commons-text:jar:1.13.0 in the shaded jar.
[INFO] Including org.apache.commons:commons-lang3:jar:3.17.0 in the shaded jar.
[INFO] Including org.junit.jupiter:junit-jupiter-engine:jar:5.11.4 in the shaded jar.
[INFO] Including org.junit.platform:junit-platform-engine:jar:1.11.4 in the shaded jar.
[INFO] Including org.opentest4j:opentest4j:jar:1.3.0 in the shaded jar.
[INFO] Including org.junit.platform:junit-platform-commons:jar:1.11.4 in the shaded jar.
[INFO] Including org.junit.jupiter:junit-jupiter-api:jar:5.11.4 in the shaded jar.
[INFO] Including org.apiguardian:apiguardian-api:jar:1.1.2 in the shaded jar.
[INFO] Including org.junit.vintage:junit-vintage-engine:jar:5.11.4 in the shaded jar.
[INFO] Including junit:junit:jar:4.13.2 in the shaded jar.
[INFO] Including org.hamcrest:hamcrest-core:jar:1.3 in the shaded jar.
[INFO] Including org.junit.platform:junit-platform-launcher:jar:1.11.4 in the shaded jar.
[INFO] Including org.junit.platform:junit-platform-runner:jar:1.11.4 in the shaded jar.
[INFO] Including org.junit.platform:junit-platform-suite-api:jar:1.11.4 in the shaded jar.
[INFO] Including org.junit.platform:junit-platform-suite-commons:jar:1.11.4 in the shaded jar.
[INFO] Excluding local.swt:swtmac_aarch64:jar:4.33 from the shaded jar.
[INFO] Minimizing jar com.force:dataloader:jar:63.0.0
[WARNING] Removing module-info from dataloader-63.0.0.jar
[WARNING] Discovered module-info.class. Shading will break its strong encapsulation.
[WARNING] Discovered module-info.class. Shading will break its strong encapsulation.
[WARNING] Discovered module-info.class. Shading will break its strong encapsulation.
[WARNING] Discovered module-info.class. Shading will break its strong encapsulation.
[WARNING] Discovered module-info.class. Shading will break its strong encapsulation.
[WARNING] Discovered module-info.class. Shading will break its strong encapsulation.
[WARNING] Discovered module-info.class. Shading will break its strong encapsulation.
[WARNING] Discovered module-info.class. Shading will break its strong encapsulation.
[WARNING] Discovered module-info.class. Shading will break its strong encapsulation.
[WARNING] Discovered module-info.class. Shading will break its strong encapsulation.
[WARNING] Discovered module-info.class. Shading will break its strong encapsulation.
[WARNING] Discovered module-info.class. Shading will break its strong encapsulation.
[WARNING] Discovered module-info.class. Shading will break its strong encapsulation.
[WARNING] Discovered module-info.class. Shading will break its strong encapsulation.
[WARNING] Discovered module-info.class. Shading will break its strong encapsulation.
[WARNING] httpclient-4.5.14.jar, httpcore-4.4.16.jar, jackson-annotations-2.17.1.jar, jackson-core-2.17.1.jar, jackson-databind-2.17.1.jar, log4j-api-2.24.3.jar, log4j-core-2.24.3.jar, micrometer-commons-1.14.3.jar, micrometer-observation-1.14.3.jar define 1 overlapping resource: 
[WARNING]   - META-INF/NOTICE
[WARNING] dataloader-63.0.0.jar, log4j-core-2.24.3.jar define 1 overlapping classes: 
[WARNING]   - org.apache.logging.log4j.core.lookup.JndiLookup
[WARNING] spring-aop-6.2.2.jar, spring-beans-6.2.2.jar, spring-context-6.2.2.jar define 3 overlapping resources: 
[WARNING]   - META-INF/spring.handlers
[WARNING]   - META-INF/spring.schemas
[WARNING]   - META-INF/spring.tooling
[WARNING] junit-jupiter-engine-5.11.4.jar, junit-vintage-engine-5.11.4.jar define 1 overlapping resource: 
[WARNING]   - META-INF/services/org.junit.platform.engine.TestEngine
[WARNING] org.eclipse.equinox.common-3.19.200.jar, org.eclipse.jface-3.35.100.jar, org.eclipse.osgi-3.22.0.jar define 1 overlapping resource: 
[WARNING]   - .options
[WARNING] org.eclipse.core.commands-3.12.200.jar, org.eclipse.equinox.common-3.19.200.jar, org.eclipse.jface-3.35.100.jar, org.eclipse.osgi-3.22.0.jar define 2 overlapping resources: 
[WARNING]   - .api_description
[WARNING]   - about.html
[WARNING] ST4-4.3.jar, antlr-runtime-3.5.2.jar, apiguardian-api-1.1.2.jar, commons-beanutils-1.9.4.jar, commons-codec-1.11.jar, commons-collections-3.2.2.jar, commons-dbcp2-2.13.0.jar, commons-io-2.18.0.jar, commons-lang3-3.17.0.jar, commons-pool2-2.12.0.jar, commons-text-1.13.0.jar, dataloader-63.0.0.jar, error_prone_annotations-2.27.0.jar, force-partner-api-63.0.0.jar, force-wsc-63.0.0.jar, gson-2.11.0.jar, hamcrest-core-1.3.jar, httpclient-4.5.14.jar, httpcore-4.4.16.jar, jackson-annotations-2.17.1.jar, jackson-core-2.17.1.jar, jackson-databind-2.17.1.jar, jakarta.transaction-api-1.3.3.jar, junit-4.13.2.jar, junit-jupiter-api-5.11.4.jar, junit-jupiter-engine-5.11.4.jar, junit-platform-commons-1.11.4.jar, junit-platform-engine-1.11.4.jar, junit-platform-launcher-1.11.4.jar, junit-platform-runner-1.11.4.jar, junit-platform-suite-api-1.11.4.jar, junit-platform-suite-commons-1.11.4.jar, junit-vintage-engine-5.11.4.jar, log4j-api-2.24.3.jar, log4j-core-2.24.3.jar, micrometer-commons-1.14.3.jar, micrometer-observation-1.14.3.jar, opentest4j-1.3.0.jar, org.eclipse.core.commands-3.12.200.jar, org.eclipse.equinox.common-3.19.200.jar, org.eclipse.jface-3.35.100.jar, org.eclipse.osgi-3.22.0.jar, spring-aop-6.2.2.jar, spring-beans-6.2.2.jar, spring-context-6.2.2.jar, spring-core-6.2.2.jar, spring-expression-6.2.2.jar, spring-jcl-6.2.2.jar define 1 overlapping resource: 
[WARNING]   - META-INF/MANIFEST.MF
[WARNING] commons-dbcp2-2.13.0.jar, commons-io-2.18.0.jar, commons-lang3-3.17.0.jar, commons-pool2-2.12.0.jar, commons-text-1.13.0.jar, error_prone_annotations-2.27.0.jar, gson-2.11.0.jar, jackson-core-2.17.1.jar, jackson-databind-2.17.1.jar define 1 overlapping classes: 
[WARNING]   - META-INF.versions.9.module-info
[WARNING] spring-aop-6.2.2.jar, spring-beans-6.2.2.jar, spring-context-6.2.2.jar, spring-core-6.2.2.jar define 1 overlapping resource: 
[WARNING]   - META-INF/spring/aot.factories
[WARNING] junit-jupiter-api-5.11.4.jar, junit-jupiter-engine-5.11.4.jar, junit-platform-commons-1.11.4.jar, junit-platform-engine-1.11.4.jar, junit-platform-launcher-1.11.4.jar, junit-platform-runner-1.11.4.jar, junit-platform-suite-api-1.11.4.jar, junit-platform-suite-commons-1.11.4.jar, junit-vintage-engine-5.11.4.jar define 2 overlapping resources: 
[WARNING]   - META-INF/LICENSE-notice.md
[WARNING]   - META-INF/LICENSE.md
[WARNING] apiguardian-api-1.1.2.jar, httpclient-4.5.14.jar, httpcore-4.4.16.jar, jackson-annotations-2.17.1.jar, jackson-core-2.17.1.jar, jackson-databind-2.17.1.jar, log4j-api-2.24.3.jar, log4j-core-2.24.3.jar, micrometer-commons-1.14.3.jar, micrometer-observation-1.14.3.jar, opentest4j-1.3.0.jar define 1 overlapping resource: 
[WARNING]   - META-INF/LICENSE
[WARNING] org.eclipse.core.commands-3.12.200.jar, org.eclipse.equinox.common-3.19.200.jar, org.eclipse.jface-3.35.100.jar define 1 overlapping resource: 
[WARNING]   - plugin.properties
[WARNING] httpclient-4.5.14.jar, httpcore-4.4.16.jar, log4j-api-2.24.3.jar, log4j-core-2.24.3.jar define 1 overlapping resource: 
[WARNING]   - META-INF/DEPENDENCIES
[WARNING] maven-shade-plugin has detected that some files are
[WARNING] present in two or more JARs. When this happens, only one
[WARNING] single version of the file is copied to the uber jar.
[WARNING] Usually this is not harmful and you can skip these warnings,
[WARNING] otherwise try to manually exclude artifacts based on
[WARNING] mvn dependency:tree -Ddetail=true and the above output.
[WARNING] See https://maven.apache.org/plugins/maven-shade-plugin/
[INFO] Minimized 13068 -> 8143 (62%)
[INFO] Replacing original artifact with shaded artifact.
[INFO] Replacing /Users/ashit.patel/salesforce/dataloader-java17-latest/target/dataloader-63.0.0.jar with /Users/ashit.patel/salesforce/dataloader-java17-latest/target/dataloader-63.0.0-shaded.jar
[INFO] 
[INFO] --- antrun:3.1.0:run (zip) @ dataloader ---
[INFO] Executing tasks
[INFO]    [delete] Deleting: /Users/ashit.patel/salesforce/dataloader-java17-latest/dataloader_v63.0.0.zip
[INFO]      [copy] Copying 1 file to /Users/ashit.patel/salesforce/dataloader-java17-latest/target/zipartifacts
[INFO]       [zip] Building zip: /Users/ashit.patel/salesforce/dataloader-java17-latest/dataloader_v63.0.0.zip
[INFO] Executed tasks
[INFO] 
[INFO] --- antrun:3.1.0:run (test-cleanup) @ dataloader ---
[INFO] Executing tasks
[INFO]    [delete] Deleting directory /Users/ashit.patel/salesforce/dataloader-java17-latest/target/classes
[INFO] Executed tasks
[INFO] 
[INFO] --- surefire:3.5.2:test (unit-tests) @ dataloader ---
[INFO] Using auto detected provider org.apache.maven.surefire.junit4.JUnit4Provider
[INFO] 
[INFO] -------------------------------------------------------
[INFO]  T E S T S
[INFO] -------------------------------------------------------
[INFO] Running com.salesforce.dataloader.mapping.SOQLMapperEdgeCasesTest
2025-01-20 17:59:39,351 WARN  [main] mapping.SOQLMapper _mapDaoColumns (SOQLMapper.java:274) - The following DAO columns could not be mapped: [Field1, Field2]
2025-01-20 17:59:39,353 INFO  [main] mapping.SOQLMapper mapCsvRowSfdcToLocal (SOQLMapper.java:190) - SoQL query returned a field that cannot be mapped: Field0
2025-01-20 17:59:39,354 WARN  [main] mapping.SOQLMapper _mapDaoColumns (SOQLMapper.java:274) - The following DAO columns could not be mapped: [Field1, Field2]
[INFO] Tests run: 9, Failures: 0, Errors: 0, Skipped: 0, Time elapsed: 0.293 s -- in com.salesforce.dataloader.mapping.SOQLMapperEdgeCasesTest
[INFO] Running com.salesforce.dataloader.mapping.LoadMapperEdgeCasesTest
2025-01-20 17:59:39,366 INFO  [main] mapping.LoadMapper mapData (LoadMapper.java:183) - Mapping for field sourceOne will be ignored since destination column is empty
[INFO] Tests run: 10, Failures: 0, Errors: 0, Skipped: 0, Time elapsed: 0.002 s -- in com.salesforce.dataloader.mapping.LoadMapperEdgeCasesTest
[INFO] Running com.salesforce.dataloader.mapping.SoqlInfoTest
java.specification.version : 22
sun.jnu.encoding : UTF-8
java.class.path : /Users/ashit.patel/salesforce/dataloader-java17-latest/target/test-classes:/Users/ashit.patel/salesforce/dataloader-java17-latest/target/classes:/Users/ashit.patel/.m2/repository/local/swt/swtmac_aarch64/4.33/swtmac_aarch64-4.33.jar:/Users/ashit.patel/.m2/repository/com/google/code/gson/gson/2.11.0/gson-2.11.0.jar:/Users/ashit.patel/.m2/repository/com/google/errorprone/error_prone_annotations/2.27.0/error_prone_annotations-2.27.0.jar:/Users/ashit.patel/.m2/repository/com/force/api/force-partner-api/63.0.0/force-partner-api-63.0.0.jar:/Users/ashit.patel/.m2/repository/com/force/api/force-wsc/63.0.0/force-wsc-63.0.0.jar:/Users/ashit.patel/.m2/repository/org/antlr/ST4/4.3/ST4-4.3.jar:/Users/ashit.patel/.m2/repository/org/antlr/antlr-runtime/3.5.2/antlr-runtime-3.5.2.jar:/Users/ashit.patel/.m2/repository/com/fasterxml/jackson/core/jackson-core/2.17.1/jackson-core-2.17.1.jar:/Users/ashit.patel/.m2/repository/com/fasterxml/jackson/core/jackson-annotations/2.17.1/jackson-annotations-2.17.1.jar:/Users/ashit.patel/.m2/repository/com/fasterxml/jackson/core/jackson-databind/2.17.1/jackson-databind-2.17.1.jar:/Users/ashit.patel/.m2/repository/commons-beanutils/commons-beanutils/1.9.4/commons-beanutils-1.9.4.jar:/Users/ashit.patel/.m2/repository/commons-collections/commons-collections/3.2.2/commons-collections-3.2.2.jar:/Users/ashit.patel/.m2/repository/org/apache/commons/commons-dbcp2/2.13.0/commons-dbcp2-2.13.0.jar:/Users/ashit.patel/.m2/repository/org/apache/commons/commons-pool2/2.12.0/commons-pool2-2.12.0.jar:/Users/ashit.patel/.m2/repository/jakarta/transaction/jakarta.transaction-api/1.3.3/jakarta.transaction-api-1.3.3.jar:/Users/ashit.patel/.m2/repository/commons-io/commons-io/2.18.0/commons-io-2.18.0.jar:/Users/ashit.patel/.m2/repository/org/apache/logging/log4j/log4j-core/2.24.3/log4j-core-2.24.3.jar:/Users/ashit.patel/.m2/repository/org/apache/logging/log4j/log4j-api/2.24.3/log4j-api-2.24.3.jar:/Users/ashit.patel/.m2/repository/org/apache/httpcomponents/httpclient/4.5.14/httpclient-4.5.14.jar:/Users/ashit.patel/.m2/repository/org/apache/httpcomponents/httpcore/4.4.16/httpcore-4.4.16.jar:/Users/ashit.patel/.m2/repository/commons-codec/commons-codec/1.11/commons-codec-1.11.jar:/Users/ashit.patel/.m2/repository/org/springframework/spring-context/6.2.2/spring-context-6.2.2.jar:/Users/ashit.patel/.m2/repository/org/springframework/spring-aop/6.2.2/spring-aop-6.2.2.jar:/Users/ashit.patel/.m2/repository/org/springframework/spring-beans/6.2.2/spring-beans-6.2.2.jar:/Users/ashit.patel/.m2/repository/org/springframework/spring-core/6.2.2/spring-core-6.2.2.jar:/Users/ashit.patel/.m2/repository/org/springframework/spring-jcl/6.2.2/spring-jcl-6.2.2.jar:/Users/ashit.patel/.m2/repository/org/springframework/spring-expression/6.2.2/spring-expression-6.2.2.jar:/Users/ashit.patel/.m2/repository/io/micrometer/micrometer-observation/1.14.3/micrometer-observation-1.14.3.jar:/Users/ashit.patel/.m2/repository/io/micrometer/micrometer-commons/1.14.3/micrometer-commons-1.14.3.jar:/Users/ashit.patel/.m2/repository/org/eclipse/platform/org.eclipse.jface/3.35.100/org.eclipse.jface-3.35.100.jar:/Users/ashit.patel/.m2/repository/org/eclipse/platform/org.eclipse.core.commands/3.12.200/org.eclipse.core.commands-3.12.200.jar:/Users/ashit.patel/.m2/repository/org/eclipse/platform/org.eclipse.equinox.common/3.19.200/org.eclipse.equinox.common-3.19.200.jar:/Users/ashit.patel/.m2/repository/org/eclipse/platform/org.eclipse.osgi/3.22.0/org.eclipse.osgi-3.22.0.jar:/Users/ashit.patel/.m2/repository/org/apache/commons/commons-text/1.13.0/commons-text-1.13.0.jar:/Users/ashit.patel/.m2/repository/org/apache/commons/commons-lang3/3.17.0/commons-lang3-3.17.0.jar:/Users/ashit.patel/.m2/repository/com/h2database/h2/2.3.232/h2-2.3.232.jar:/Users/ashit.patel/.m2/repository/org/junit/jupiter/junit-jupiter-engine/5.11.4/junit-jupiter-engine-5.11.4.jar:/Users/ashit.patel/.m2/repository/org/junit/platform/junit-platform-engine/1.11.4/junit-platform-engine-1.11.4.jar:/Users/ashit.patel/.m2/repository/org/opentest4j/opentest4j/1.3.0/opentest4j-1.3.0.jar:/Users/ashit.patel/.m2/repository/org/junit/platform/junit-platform-commons/1.11.4/junit-platform-commons-1.11.4.jar:/Users/ashit.patel/.m2/repository/org/junit/jupiter/junit-jupiter-api/5.11.4/junit-jupiter-api-5.11.4.jar:/Users/ashit.patel/.m2/repository/org/apiguardian/apiguardian-api/1.1.2/apiguardian-api-1.1.2.jar:/Users/ashit.patel/.m2/repository/org/junit/vintage/junit-vintage-engine/5.11.4/junit-vintage-engine-5.11.4.jar:/Users/ashit.patel/.m2/repository/junit/junit/4.13.2/junit-4.13.2.jar:/Users/ashit.patel/.m2/repository/org/hamcrest/hamcrest-core/1.3/hamcrest-core-1.3.jar:/Users/ashit.patel/.m2/repository/org/junit/platform/junit-platform-launcher/1.11.4/junit-platform-launcher-1.11.4.jar:/Users/ashit.patel/.m2/repository/org/junit/platform/junit-platform-runner/1.11.4/junit-platform-runner-1.11.4.jar:/Users/ashit.patel/.m2/repository/org/junit/platform/junit-platform-suite-api/1.11.4/junit-platform-suite-api-1.11.4.jar:/Users/ashit.patel/.m2/repository/org/junit/platform/junit-platform-suite-commons/1.11.4/junit-platform-suite-commons-1.11.4.jar:/Users/ashit.patel/.m2/repository/org/springframework/spring-jdbc/6.2.2/spring-jdbc-6.2.2.jar:/Users/ashit.patel/.m2/repository/org/springframework/spring-tx/6.2.2/spring-tx-6.2.2.jar:/Users/ashit.patel/.m2/repository/org/mockito/mockito-core/5.15.2/mockito-core-5.15.2.jar:/Users/ashit.patel/.m2/repository/net/bytebuddy/byte-buddy/1.15.11/byte-buddy-1.15.11.jar:/Users/ashit.patel/.m2/repository/net/bytebuddy/byte-buddy-agent/1.15.11/byte-buddy-agent-1.15.11.jar:/Users/ashit.patel/.m2/repository/org/objenesis/objenesis/3.3/objenesis-3.3.jar:/Users/ashit.patel/salesforce/dataloader-java17-latest/target/dataloader-63.0.0.jar:
java.vm.vendor : Eclipse Adoptium
sun.arch.data.model : 64
java.vendor.url : https://adoptium.net/
user.timezone : America/Los_Angeles
java.vm.specification.version : 22
os.name : Mac OS X
sun.java.launcher : SUN_STANDARD
user.country : US
sun.boot.library.path : /Library/Java/JavaVirtualMachines/temurin-22.jdk/Contents/Home/lib
sun.java.command : /Users/ashit.patel/salesforce/dataloader-java17-latest/target/surefire/surefirebooter-20250120175938835_3.jar /Users/ashit.patel/salesforce/dataloader-java17-latest/target/surefire 2025-01-20T17-59-38_789-jvmRun1 surefire-20250120175938835_1tmp surefire_0-20250120175938835_2tmp
jdk.debug : release
surefire.test.class.path : /Users/ashit.patel/salesforce/dataloader-java17-latest/target/test-classes:/Users/ashit.patel/salesforce/dataloader-java17-latest/target/classes:/Users/ashit.patel/.m2/repository/local/swt/swtmac_aarch64/4.33/swtmac_aarch64-4.33.jar:/Users/ashit.patel/.m2/repository/com/google/code/gson/gson/2.11.0/gson-2.11.0.jar:/Users/ashit.patel/.m2/repository/com/google/errorprone/error_prone_annotations/2.27.0/error_prone_annotations-2.27.0.jar:/Users/ashit.patel/.m2/repository/com/force/api/force-partner-api/63.0.0/force-partner-api-63.0.0.jar:/Users/ashit.patel/.m2/repository/com/force/api/force-wsc/63.0.0/force-wsc-63.0.0.jar:/Users/ashit.patel/.m2/repository/org/antlr/ST4/4.3/ST4-4.3.jar:/Users/ashit.patel/.m2/repository/org/antlr/antlr-runtime/3.5.2/antlr-runtime-3.5.2.jar:/Users/ashit.patel/.m2/repository/com/fasterxml/jackson/core/jackson-core/2.17.1/jackson-core-2.17.1.jar:/Users/ashit.patel/.m2/repository/com/fasterxml/jackson/core/jackson-annotations/2.17.1/jackson-annotations-2.17.1.jar:/Users/ashit.patel/.m2/repository/com/fasterxml/jackson/core/jackson-databind/2.17.1/jackson-databind-2.17.1.jar:/Users/ashit.patel/.m2/repository/commons-beanutils/commons-beanutils/1.9.4/commons-beanutils-1.9.4.jar:/Users/ashit.patel/.m2/repository/commons-collections/commons-collections/3.2.2/commons-collections-3.2.2.jar:/Users/ashit.patel/.m2/repository/org/apache/commons/commons-dbcp2/2.13.0/commons-dbcp2-2.13.0.jar:/Users/ashit.patel/.m2/repository/org/apache/commons/commons-pool2/2.12.0/commons-pool2-2.12.0.jar:/Users/ashit.patel/.m2/repository/jakarta/transaction/jakarta.transaction-api/1.3.3/jakarta.transaction-api-1.3.3.jar:/Users/ashit.patel/.m2/repository/commons-io/commons-io/2.18.0/commons-io-2.18.0.jar:/Users/ashit.patel/.m2/repository/org/apache/logging/log4j/log4j-core/2.24.3/log4j-core-2.24.3.jar:/Users/ashit.patel/.m2/repository/org/apache/logging/log4j/log4j-api/2.24.3/log4j-api-2.24.3.jar:/Users/ashit.patel/.m2/repository/org/apache/httpcomponents/httpclient/4.5.14/httpclient-4.5.14.jar:/Users/ashit.patel/.m2/repository/org/apache/httpcomponents/httpcore/4.4.16/httpcore-4.4.16.jar:/Users/ashit.patel/.m2/repository/commons-codec/commons-codec/1.11/commons-codec-1.11.jar:/Users/ashit.patel/.m2/repository/org/springframework/spring-context/6.2.2/spring-context-6.2.2.jar:/Users/ashit.patel/.m2/repository/org/springframework/spring-aop/6.2.2/spring-aop-6.2.2.jar:/Users/ashit.patel/.m2/repository/org/springframework/spring-beans/6.2.2/spring-beans-6.2.2.jar:/Users/ashit.patel/.m2/repository/org/springframework/spring-core/6.2.2/spring-core-6.2.2.jar:/Users/ashit.patel/.m2/repository/org/springframework/spring-jcl/6.2.2/spring-jcl-6.2.2.jar:/Users/ashit.patel/.m2/repository/org/springframework/spring-expression/6.2.2/spring-expression-6.2.2.jar:/Users/ashit.patel/.m2/repository/io/micrometer/micrometer-observation/1.14.3/micrometer-observation-1.14.3.jar:/Users/ashit.patel/.m2/repository/io/micrometer/micrometer-commons/1.14.3/micrometer-commons-1.14.3.jar:/Users/ashit.patel/.m2/repository/org/eclipse/platform/org.eclipse.jface/3.35.100/org.eclipse.jface-3.35.100.jar:/Users/ashit.patel/.m2/repository/org/eclipse/platform/org.eclipse.core.commands/3.12.200/org.eclipse.core.commands-3.12.200.jar:/Users/ashit.patel/.m2/repository/org/eclipse/platform/org.eclipse.equinox.common/3.19.200/org.eclipse.equinox.common-3.19.200.jar:/Users/ashit.patel/.m2/repository/org/eclipse/platform/org.eclipse.osgi/3.22.0/org.eclipse.osgi-3.22.0.jar:/Users/ashit.patel/.m2/repository/org/apache/commons/commons-text/1.13.0/commons-text-1.13.0.jar:/Users/ashit.patel/.m2/repository/org/apache/commons/commons-lang3/3.17.0/commons-lang3-3.17.0.jar:/Users/ashit.patel/.m2/repository/com/h2database/h2/2.3.232/h2-2.3.232.jar:/Users/ashit.patel/.m2/repository/org/junit/jupiter/junit-jupiter-engine/5.11.4/junit-jupiter-engine-5.11.4.jar:/Users/ashit.patel/.m2/repository/org/junit/platform/junit-platform-engine/1.11.4/junit-platform-engine-1.11.4.jar:/Users/ashit.patel/.m2/repository/org/opentest4j/opentest4j/1.3.0/opentest4j-1.3.0.jar:/Users/ashit.patel/.m2/repository/org/junit/platform/junit-platform-commons/1.11.4/junit-platform-commons-1.11.4.jar:/Users/ashit.patel/.m2/repository/org/junit/jupiter/junit-jupiter-api/5.11.4/junit-jupiter-api-5.11.4.jar:/Users/ashit.patel/.m2/repository/org/apiguardian/apiguardian-api/1.1.2/apiguardian-api-1.1.2.jar:/Users/ashit.patel/.m2/repository/org/junit/vintage/junit-vintage-engine/5.11.4/junit-vintage-engine-5.11.4.jar:/Users/ashit.patel/.m2/repository/junit/junit/4.13.2/junit-4.13.2.jar:/Users/ashit.patel/.m2/repository/org/hamcrest/hamcrest-core/1.3/hamcrest-core-1.3.jar:/Users/ashit.patel/.m2/repository/org/junit/platform/junit-platform-launcher/1.11.4/junit-platform-launcher-1.11.4.jar:/Users/ashit.patel/.m2/repository/org/junit/platform/junit-platform-runner/1.11.4/junit-platform-runner-1.11.4.jar:/Users/ashit.patel/.m2/repository/org/junit/platform/junit-platform-suite-api/1.11.4/junit-platform-suite-api-1.11.4.jar:/Users/ashit.patel/.m2/repository/org/junit/platform/junit-platform-suite-commons/1.11.4/junit-platform-suite-commons-1.11.4.jar:/Users/ashit.patel/.m2/repository/org/springframework/spring-jdbc/6.2.2/spring-jdbc-6.2.2.jar:/Users/ashit.patel/.m2/repository/org/springframework/spring-tx/6.2.2/spring-tx-6.2.2.jar:/Users/ashit.patel/.m2/repository/org/mockito/mockito-core/5.15.2/mockito-core-5.15.2.jar:/Users/ashit.patel/.m2/repository/net/bytebuddy/byte-buddy/1.15.11/byte-buddy-1.15.11.jar:/Users/ashit.patel/.m2/repository/net/bytebuddy/byte-buddy-agent/1.15.11/byte-buddy-agent-1.15.11.jar:/Users/ashit.patel/.m2/repository/org/objenesis/objenesis/3.3/objenesis-3.3.jar:/Users/ashit.patel/salesforce/dataloader-java17-latest/target/dataloader-63.0.0.jar:
sun.cpu.endian : little
user.home : /Users/ashit.patel
user.language : en
java.specification.vendor : Oracle Corporation
java.version.date : 2024-04-16
java.home : /Library/Java/JavaVirtualMachines/temurin-22.jdk/Contents/Home
surefire.skipAfterFailureCount : 5
file.separator : /
basedir : /Users/ashit.patel/salesforce/dataloader-java17-latest
java.vm.compressedOopsMode : Zero based
line.separator : 

java.vm.specification.vendor : Oracle Corporation
java.specification.name : Java Platform API Specification
test.password : b119b18bb7ba916c8f25f92963a6f31d5f9fa25e1fc840c3dda7ecc11f3bfce0
apple.awt.application.name : ForkedBooter
surefire.real.class.path : /Users/ashit.patel/salesforce/dataloader-java17-latest/target/surefire/surefirebooter-20250120175938835_3.jar
test.user.restricted : regular@dl.com
sun.management.compiler : HotSpot 64-Bit Tiered Compilers
java.runtime.version : 22.0.1+8
user.name : ashit.patel
stdout.encoding : UTF-8
path.separator : :
os.version : 15.2
java.runtime.name : OpenJDK Runtime Environment
file.encoding : UTF-8
java.vm.name : OpenJDK 64-Bit Server VM
java.vendor.version : Temurin-22.0.1+8
test.encryptionFile : 
localRepository : /Users/ashit.patel/.m2/repository
java.vendor.url.bug : https://github.com/adoptium/adoptium-support/issues
java.io.tmpdir : /var/folders/60/lpf09f3n3r7bkjpfdt5jctj00000gq/T/
java.version : 22.0.1
user.dir : /Users/ashit.patel/salesforce/dataloader-java17-latest
os.arch : aarch64
java.vm.specification.name : Java Virtual Machine Specification
test.user.default : dltest@dl.com
native.encoding : UTF-8
java.library.path : /Users/ashit.patel/Library/Java/Extensions:/Library/Java/Extensions:/Network/Library/Java/Extensions:/System/Library/Java/Extensions:/usr/lib/java:.
java.vm.info : mixed mode
stderr.encoding : UTF-8
java.vendor : Eclipse Adoptium
java.vm.version : 22.0.1+8
sun.io.unicode.encoding : UnicodeBig
test.endpoint : https://ashit-dev-ed.my.salesforce.com
java.class.version : 66.0
[INFO] Tests run: 17, Failures: 0, Errors: 0, Skipped: 0, Time elapsed: 0.986 s -- in com.salesforce.dataloader.mapping.SoqlInfoTest
[INFO] Running com.salesforce.dataloader.dyna.BooleanConverterTest
[INFO] Tests run: 7, Failures: 0, Errors: 0, Skipped: 0, Time elapsed: 0.046 s -- in com.salesforce.dataloader.dyna.BooleanConverterTest
[INFO] Running com.salesforce.dataloader.dyna.DateConverterTest
2025-01-20 17:59:40,638 INFO  [testUserSpecifiedTimeZoneIsUsed] util.DateOnlyCalendar setTimeInMillis (DateOnlyCalendar.java:65) - Timezone is Japan Standard Time
2025-01-20 17:59:40,639 INFO  [testUserSpecifiedTimeZoneIsUsed] util.DateOnlyCalendar setTimeInMillis (DateOnlyCalendar.java:65) - Timezone is Japan Standard Time
2025-01-20 17:59:40,639 INFO  [testUserSpecifiedTimeZoneIsUsed] util.DateOnlyCalendar setTimeInMillis (DateOnlyCalendar.java:65) - Timezone is Japan Standard Time
2025-01-20 17:59:40,639 INFO  [testUserSpecifiedTimeZoneIsUsed] util.DateOnlyCalendar setTimeInMillis (DateOnlyCalendar.java:65) - Timezone is Greenwich Mean Time
2025-01-20 17:59:40,639 INFO  [testUserSpecifiedTimeZoneIsUsed] util.DateOnlyCalendar setTimeInMillis (DateOnlyCalendar.java:65) - Timezone is Greenwich Mean Time
2025-01-20 17:59:40,639 INFO  [testUserSpecifiedTimeZoneIsUsed] util.DateOnlyCalendar setTimeInMillis (DateOnlyCalendar.java:65) - Timezone is Greenwich Mean Time
2025-01-20 17:59:40,639 INFO  [testUserSpecifiedTimeZoneIsUsed] util.DateOnlyCalendar setTimeInMillis (DateOnlyCalendar.java:65) - Timezone is Greenwich Mean Time
2025-01-20 17:59:40,640 INFO  [testUserSpecifiedTimeZoneIsUsed] util.DateOnlyCalendar setTimeInMillis (DateOnlyCalendar.java:65) - Timezone is Greenwich Mean Time
2025-01-20 17:59:40,640 INFO  [testUserSpecifiedTimeZoneIsUsed] util.DateOnlyCalendar setTimeInMillis (DateOnlyCalendar.java:65) - Timezone is Greenwich Mean Time
2025-01-20 17:59:40,640 INFO  [testUserSpecifiedTimeZoneIsUsed] util.DateOnlyCalendar setTimeInMillis (DateOnlyCalendar.java:65) - Timezone is Greenwich Mean Time
2025-01-20 17:59:40,640 INFO  [testUserSpecifiedTimeZoneIsUsed] util.DateOnlyCalendar setTimeInMillis (DateOnlyCalendar.java:65) - Timezone is Greenwich Mean Time
2025-01-20 17:59:40,640 INFO  [testUserSpecifiedTimeZoneIsUsed] util.DateOnlyCalendar setTimeInMillis (DateOnlyCalendar.java:65) - Timezone is Greenwich Mean Time
2025-01-20 17:59:40,640 INFO  [testUserSpecifiedTimeZoneIsUsed] util.DateOnlyCalendar setTimeInMillis (DateOnlyCalendar.java:65) - Timezone is Greenwich Mean Time
2025-01-20 17:59:40,640 INFO  [testUserSpecifiedTimeZoneIsUsed] util.DateOnlyCalendar setTimeInMillis (DateOnlyCalendar.java:65) - Timezone is Greenwich Mean Time
2025-01-20 17:59:40,640 INFO  [testUserSpecifiedTimeZoneIsUsed] util.DateOnlyCalendar setTimeInMillis (DateOnlyCalendar.java:65) - Timezone is Greenwich Mean Time
2025-01-20 17:59:40,640 INFO  [testUserSpecifiedTimeZoneIsUsed] util.DateOnlyCalendar setTimeInMillis (DateOnlyCalendar.java:65) - Timezone is Greenwich Mean Time
2025-01-20 17:59:40,641 INFO  [testUserSpecifiedTimeZoneIsUsed] util.DateOnlyCalendar setTimeInMillis (DateOnlyCalendar.java:65) - Timezone is Greenwich Mean Time
2025-01-20 17:59:40,641 INFO  [testUserSpecifiedTimeZoneIsUsed] util.DateOnlyCalendar setTimeInMillis (DateOnlyCalendar.java:65) - Timezone is Greenwich Mean Time
2025-01-20 17:59:40,641 INFO  [testUserSpecifiedTimeZoneIsUsed] util.DateOnlyCalendar setTimeInMillis (DateOnlyCalendar.java:65) - Timezone is Greenwich Mean Time
2025-01-20 17:59:40,641 INFO  [testUserSpecifiedTimeZoneIsUsed] util.DateOnlyCalendar setTimeInMillis (DateOnlyCalendar.java:65) - Timezone is Greenwich Mean Time
2025-01-20 17:59:40,641 INFO  [testUserSpecifiedTimeZoneIsUsed] util.DateOnlyCalendar setTimeInMillis (DateOnlyCalendar.java:65) - Timezone is Greenwich Mean Time
2025-01-20 17:59:40,641 INFO  [testUserSpecifiedTimeZoneIsUsed] util.DateOnlyCalendar setTimeInMillis (DateOnlyCalendar.java:65) - Timezone is Japan Standard Time
2025-01-20 17:59:40,641 INFO  [testUserSpecifiedTimeZoneIsUsed] util.DateOnlyCalendar setTimeInMillis (DateOnlyCalendar.java:65) - Timezone is Japan Standard Time
2025-01-20 17:59:40,642 INFO  [testUserSpecifiedTimeZoneIsUsed] util.DateOnlyCalendar setTimeInMillis (DateOnlyCalendar.java:65) - Timezone is Japan Standard Time
2025-01-20 17:59:40,642 INFO  [testUserSpecifiedTimeZoneIsUsed] util.DateOnlyCalendar setTimeInMillis (DateOnlyCalendar.java:65) - Timezone is Japan Standard Time
2025-01-20 17:59:40,642 INFO  [testUserSpecifiedTimeZoneIsUsed] util.DateOnlyCalendar setTimeInMillis (DateOnlyCalendar.java:65) - Timezone is Japan Standard Time
2025-01-20 17:59:40,642 INFO  [testUserSpecifiedTimeZoneIsUsed] util.DateOnlyCalendar setTimeInMillis (DateOnlyCalendar.java:65) - Timezone is Japan Standard Time
2025-01-20 17:59:40,642 INFO  [testUserSpecifiedTimeZoneIsUsed] util.DateOnlyCalendar setTimeInMillis (DateOnlyCalendar.java:65) - Timezone is Japan Standard Time
2025-01-20 17:59:40,642 INFO  [testUserSpecifiedTimeZoneIsUsed] util.DateOnlyCalendar setTimeInMillis (DateOnlyCalendar.java:65) - Timezone is Japan Standard Time
2025-01-20 17:59:40,642 INFO  [testUserSpecifiedTimeZoneIsUsed] util.DateOnlyCalendar setTimeInMillis (DateOnlyCalendar.java:65) - Timezone is Japan Standard Time
2025-01-20 17:59:40,642 INFO  [testUserSpecifiedTimeZoneIsUsed] util.DateOnlyCalendar setTimeInMillis (DateOnlyCalendar.java:65) - Timezone is Pacific Standard Time
2025-01-20 17:59:40,643 INFO  [testUserSpecifiedTimeZoneIsUsed] util.DateOnlyCalendar setTimeInMillis (DateOnlyCalendar.java:65) - Timezone is Pacific Standard Time
2025-01-20 17:59:40,643 INFO  [testUserSpecifiedTimeZoneIsUsed] util.DateOnlyCalendar setTimeInMillis (DateOnlyCalendar.java:65) - Timezone is Pacific Standard Time
2025-01-20 17:59:40,643 INFO  [testUserSpecifiedTimeZoneIsUsed] util.DateOnlyCalendar setTimeInMillis (DateOnlyCalendar.java:65) - Timezone is Pacific Standard Time
2025-01-20 17:59:40,643 INFO  [testUserSpecifiedTimeZoneIsUsed] util.DateOnlyCalendar setTimeInMillis (DateOnlyCalendar.java:65) - Timezone is Pacific Standard Time
2025-01-20 17:59:40,643 INFO  [testUserSpecifiedTimeZoneIsUsed] util.DateOnlyCalendar setTimeInMillis (DateOnlyCalendar.java:65) - Timezone is Pacific Standard Time
2025-01-20 17:59:40,644 INFO  [testUserSpecifiedTimeZoneIsUsed] util.DateOnlyCalendar setTimeInMillis (DateOnlyCalendar.java:65) - Timezone is Japan Standard Time
2025-01-20 17:59:40,644 INFO  [testUserSpecifiedTimeZoneIsUsed] util.DateOnlyCalendar setTimeInMillis (DateOnlyCalendar.java:65) - Timezone is Japan Standard Time
2025-01-20 17:59:40,644 INFO  [testUserSpecifiedTimeZoneIsUsed] util.DateOnlyCalendar setTimeInMillis (DateOnlyCalendar.java:65) - Timezone is Japan Standard Time
2025-01-20 17:59:40,644 INFO  [testUserSpecifiedTimeZoneIsUsed] util.DateOnlyCalendar setTimeInMillis (DateOnlyCalendar.java:65) - Timezone is Japan Standard Time
2025-01-20 17:59:40,645 INFO  [testUserSpecifiedTimeZoneIsUsed] util.DateOnlyCalendar setTimeInMillis (DateOnlyCalendar.java:65) - Timezone is Japan Standard Time
2025-01-20 17:59:40,645 INFO  [testUserSpecifiedTimeZoneIsUsed] util.DateOnlyCalendar setTimeInMillis (DateOnlyCalendar.java:65) - Timezone is Japan Standard Time
2025-01-20 17:59:40,648 INFO  [testUserSpecifiedTimeZoneIsUsed] util.DateOnlyCalendar setTimeInMillis (DateOnlyCalendar.java:65) - Timezone is Japan Standard Time
2025-01-20 17:59:40,649 INFO  [testUserSpecifiedTimeZoneIsUsed] util.DateOnlyCalendar setTimeInMillis (DateOnlyCalendar.java:65) - Timezone is Japan Standard Time
2025-01-20 17:59:40,649 INFO  [testUserSpecifiedTimeZoneIsUsed] util.DateOnlyCalendar setTimeInMillis (DateOnlyCalendar.java:65) - Timezone is Japan Standard Time
2025-01-20 17:59:40,649 INFO  [testUserSpecifiedTimeZoneIsUsed] util.DateOnlyCalendar setTimeInMillis (DateOnlyCalendar.java:65) - Timezone is Japan Standard Time
2025-01-20 17:59:40,649 INFO  [testUserSpecifiedTimeZoneIsUsed] util.DateOnlyCalendar setTimeInMillis (DateOnlyCalendar.java:65) - Timezone is Japan Standard Time
2025-01-20 17:59:40,649 INFO  [testUserSpecifiedTimeZoneIsUsed] util.DateOnlyCalendar setTimeInMillis (DateOnlyCalendar.java:65) - Timezone is Japan Standard Time
[INFO] Tests run: 22, Failures: 0, Errors: 0, Skipped: 0, Time elapsed: 0.271 s -- in com.salesforce.dataloader.dyna.DateConverterTest
[INFO] Running com.salesforce.dataloader.dyna.IntegerConverterTest
[INFO] Tests run: 3, Failures: 0, Errors: 0, Skipped: 0, Time elapsed: 0.025 s -- in com.salesforce.dataloader.dyna.IntegerConverterTest
[INFO] Running com.salesforce.dataloader.oauth.OAuthSecretFlowUtilTests
[INFO] Tests run: 6, Failures: 0, Errors: 0, Skipped: 0, Time elapsed: 0.714 s -- in com.salesforce.dataloader.oauth.OAuthSecretFlowUtilTests
[INFO] Running com.salesforce.dataloader.oauth.OAuthFlowUtilTests
[INFO] Tests run: 6, Failures: 0, Errors: 0, Skipped: 0, Time elapsed: 0.061 s -- in com.salesforce.dataloader.oauth.OAuthFlowUtilTests
[INFO] Running com.salesforce.dataloader.util.OrderedPropertiesTest
[INFO] Tests run: 9, Failures: 0, Errors: 0, Skipped: 0, Time elapsed: 0.008 s -- in com.salesforce.dataloader.util.OrderedPropertiesTest
[INFO] Running com.salesforce.dataloader.util.DAORowUtilTest
[INFO] Tests run: 11, Failures: 0, Errors: 0, Skipped: 0, Time elapsed: 0.099 s -- in com.salesforce.dataloader.util.DAORowUtilTest
[INFO] Running com.salesforce.dataloader.util.AppUtilTest
Hello, World!
[INFO] Tests run: 11, Failures: 0, Errors: 0, Skipped: 0, Time elapsed: 0.148 s -- in com.salesforce.dataloader.util.AppUtilTest
[INFO] Running com.salesforce.dataloader.util.LoggingUtilTest
[INFO] Tests run: 7, Failures: 0, Errors: 0, Skipped: 0, Time elapsed: 0.005 s -- in com.salesforce.dataloader.util.LoggingUtilTest
[INFO] Running com.salesforce.dataloader.util.LoadRateCalculatorTest
[INFO] Tests run: 4, Failures: 0, Errors: 0, Skipped: 0, Time elapsed: 69.12 s -- in com.salesforce.dataloader.util.LoadRateCalculatorTest
[INFO] Running com.salesforce.dataloader.util.DateOnlyCalendarTest
[INFO] Tests run: 6, Failures: 0, Errors: 0, Skipped: 0, Time elapsed: 0 s -- in com.salesforce.dataloader.util.DateOnlyCalendarTest
[INFO] Running com.salesforce.dataloader.config.AppConfigEdgeTest
[INFO] Tests run: 7, Failures: 0, Errors: 0, Skipped: 0, Time elapsed: 0.085 s -- in com.salesforce.dataloader.config.AppConfigEdgeTest
[INFO] Running com.salesforce.dataloader.config.ConfigTest
[INFO] Tests run: 6, Failures: 0, Errors: 0, Skipped: 0, Time elapsed: 0.064 s -- in com.salesforce.dataloader.config.ConfigTest
[INFO] Running com.salesforce.dataloader.dao.database.DatabaseTest
[INFO] Tests run: 6, Failures: 0, Errors: 0, Skipped: 0, Time elapsed: 0.694 s -- in com.salesforce.dataloader.dao.database.DatabaseTest
[INFO] Running com.salesforce.dataloader.dao.DAORowCacheTest
[INFO] Tests run: 6, Failures: 0, Errors: 0, Skipped: 0, Time elapsed: 0.015 s -- in com.salesforce.dataloader.dao.DAORowCacheTest
[INFO] Running com.salesforce.dataloader.dao.RichTextHTMLEncodingTest
[INFO] Tests run: 12, Failures: 0, Errors: 0, Skipped: 0, Time elapsed: 0.058 s -- in com.salesforce.dataloader.dao.RichTextHTMLEncodingTest
[INFO] Running com.salesforce.dataloader.dao.csv.CsvTest
[INFO] Tests run: 18, Failures: 0, Errors: 0, Skipped: 0, Time elapsed: 0.119 s -- in com.salesforce.dataloader.dao.csv.CsvTest
[INFO] Running com.salesforce.dataloader.dao.csv.CSVFileTest
[INFO] Tests run: 5, Failures: 0, Errors: 0, Skipped: 0, Time elapsed: 0.062 s -- in com.salesforce.dataloader.dao.csv.CSVFileTest
[INFO] Running com.salesforce.dataloader.EncryptionUtil.EncryptionUtilTest
[INFO] Tests run: 6, Failures: 0, Errors: 0, Skipped: 0, Time elapsed: 0.025 s -- in com.salesforce.dataloader.EncryptionUtil.EncryptionUtilTest
[INFO] Running com.salesforce.dataloader.action.ExtractTest
[INFO] Tests run: 2, Failures: 0, Errors: 0, Skipped: 0, Time elapsed: 0.005 s -- in com.salesforce.dataloader.action.ExtractTest
[INFO] Running com.salesforce.dataloader.action.visitor.AbstractQueryVisitorTest
[INFO] Tests run: 7, Failures: 0, Errors: 0, Skipped: 0, Time elapsed: 0 s -- in com.salesforce.dataloader.action.visitor.AbstractQueryVisitorTest
[INFO] Running com.salesforce.dataloader.model.OAuthTokenTests
[INFO] Tests run: 8, Failures: 0, Errors: 0, Skipped: 0, Time elapsed: 0.023 s -- in com.salesforce.dataloader.model.OAuthTokenTests
[INFO] 
[INFO] Results:
[INFO] 
[INFO] Tests run: 211, Failures: 0, Errors: 0, Skipped: 0
[INFO] 
[INFO] 
[INFO] --- surefire:3.5.2:test (integration-tests) @ dataloader ---
[INFO] Using auto detected provider org.apache.maven.surefire.junit4.JUnit4Provider
[INFO] 
[INFO] -------------------------------------------------------
[INFO]  T E S T S
[INFO] -------------------------------------------------------
[INFO] Running com.salesforce.dataloader.mapping.SOQLMapperEdgeCasesTest
2025-01-20 18:00:52,711 WARN  [main] mapping.SOQLMapper _mapDaoColumns (SOQLMapper.java:274) - The following DAO columns could not be mapped: [Field1, Field2]
2025-01-20 18:00:52,714 INFO  [main] mapping.SOQLMapper mapCsvRowSfdcToLocal (SOQLMapper.java:190) - SoQL query returned a field that cannot be mapped: Field0
2025-01-20 18:00:52,715 WARN  [main] mapping.SOQLMapper _mapDaoColumns (SOQLMapper.java:274) - The following DAO columns could not be mapped: [Field1, Field2]
[INFO] Tests run: 9, Failures: 0, Errors: 0, Skipped: 0, Time elapsed: 0.266 s -- in com.salesforce.dataloader.mapping.SOQLMapperEdgeCasesTest
[INFO] Running com.salesforce.dataloader.mapping.LoadMapperEdgeCasesTest
2025-01-20 18:00:52,721 INFO  [main] mapping.LoadMapper mapData (LoadMapper.java:183) - Mapping for field sourceOne will be ignored since destination column is empty
[INFO] Tests run: 10, Failures: 0, Errors: 0, Skipped: 0, Time elapsed: 0.005 s -- in com.salesforce.dataloader.mapping.LoadMapperEdgeCasesTest
[INFO] Running com.salesforce.dataloader.mapping.LoadMapperTest
java.specification.version : 22
sun.jnu.encoding : UTF-8
java.class.path : /Users/ashit.patel/salesforce/dataloader-java17-latest/target/test-classes:/Users/ashit.patel/salesforce/dataloader-java17-latest/target/classes:/Users/ashit.patel/.m2/repository/local/swt/swtmac_aarch64/4.33/swtmac_aarch64-4.33.jar:/Users/ashit.patel/.m2/repository/com/google/code/gson/gson/2.11.0/gson-2.11.0.jar:/Users/ashit.patel/.m2/repository/com/google/errorprone/error_prone_annotations/2.27.0/error_prone_annotations-2.27.0.jar:/Users/ashit.patel/.m2/repository/com/force/api/force-partner-api/63.0.0/force-partner-api-63.0.0.jar:/Users/ashit.patel/.m2/repository/com/force/api/force-wsc/63.0.0/force-wsc-63.0.0.jar:/Users/ashit.patel/.m2/repository/org/antlr/ST4/4.3/ST4-4.3.jar:/Users/ashit.patel/.m2/repository/org/antlr/antlr-runtime/3.5.2/antlr-runtime-3.5.2.jar:/Users/ashit.patel/.m2/repository/com/fasterxml/jackson/core/jackson-core/2.17.1/jackson-core-2.17.1.jar:/Users/ashit.patel/.m2/repository/com/fasterxml/jackson/core/jackson-annotations/2.17.1/jackson-annotations-2.17.1.jar:/Users/ashit.patel/.m2/repository/com/fasterxml/jackson/core/jackson-databind/2.17.1/jackson-databind-2.17.1.jar:/Users/ashit.patel/.m2/repository/commons-beanutils/commons-beanutils/1.9.4/commons-beanutils-1.9.4.jar:/Users/ashit.patel/.m2/repository/commons-collections/commons-collections/3.2.2/commons-collections-3.2.2.jar:/Users/ashit.patel/.m2/repository/org/apache/commons/commons-dbcp2/2.13.0/commons-dbcp2-2.13.0.jar:/Users/ashit.patel/.m2/repository/org/apache/commons/commons-pool2/2.12.0/commons-pool2-2.12.0.jar:/Users/ashit.patel/.m2/repository/jakarta/transaction/jakarta.transaction-api/1.3.3/jakarta.transaction-api-1.3.3.jar:/Users/ashit.patel/.m2/repository/commons-io/commons-io/2.18.0/commons-io-2.18.0.jar:/Users/ashit.patel/.m2/repository/org/apache/logging/log4j/log4j-core/2.24.3/log4j-core-2.24.3.jar:/Users/ashit.patel/.m2/repository/org/apache/logging/log4j/log4j-api/2.24.3/log4j-api-2.24.3.jar:/Users/ashit.patel/.m2/repository/org/apache/httpcomponents/httpclient/4.5.14/httpclient-4.5.14.jar:/Users/ashit.patel/.m2/repository/org/apache/httpcomponents/httpcore/4.4.16/httpcore-4.4.16.jar:/Users/ashit.patel/.m2/repository/commons-codec/commons-codec/1.11/commons-codec-1.11.jar:/Users/ashit.patel/.m2/repository/org/springframework/spring-context/6.2.2/spring-context-6.2.2.jar:/Users/ashit.patel/.m2/repository/org/springframework/spring-aop/6.2.2/spring-aop-6.2.2.jar:/Users/ashit.patel/.m2/repository/org/springframework/spring-beans/6.2.2/spring-beans-6.2.2.jar:/Users/ashit.patel/.m2/repository/org/springframework/spring-core/6.2.2/spring-core-6.2.2.jar:/Users/ashit.patel/.m2/repository/org/springframework/spring-jcl/6.2.2/spring-jcl-6.2.2.jar:/Users/ashit.patel/.m2/repository/org/springframework/spring-expression/6.2.2/spring-expression-6.2.2.jar:/Users/ashit.patel/.m2/repository/io/micrometer/micrometer-observation/1.14.3/micrometer-observation-1.14.3.jar:/Users/ashit.patel/.m2/repository/io/micrometer/micrometer-commons/1.14.3/micrometer-commons-1.14.3.jar:/Users/ashit.patel/.m2/repository/org/eclipse/platform/org.eclipse.jface/3.35.100/org.eclipse.jface-3.35.100.jar:/Users/ashit.patel/.m2/repository/org/eclipse/platform/org.eclipse.core.commands/3.12.200/org.eclipse.core.commands-3.12.200.jar:/Users/ashit.patel/.m2/repository/org/eclipse/platform/org.eclipse.equinox.common/3.19.200/org.eclipse.equinox.common-3.19.200.jar:/Users/ashit.patel/.m2/repository/org/eclipse/platform/org.eclipse.osgi/3.22.0/org.eclipse.osgi-3.22.0.jar:/Users/ashit.patel/.m2/repository/org/apache/commons/commons-text/1.13.0/commons-text-1.13.0.jar:/Users/ashit.patel/.m2/repository/org/apache/commons/commons-lang3/3.17.0/commons-lang3-3.17.0.jar:/Users/ashit.patel/.m2/repository/com/h2database/h2/2.3.232/h2-2.3.232.jar:/Users/ashit.patel/.m2/repository/org/junit/jupiter/junit-jupiter-engine/5.11.4/junit-jupiter-engine-5.11.4.jar:/Users/ashit.patel/.m2/repository/org/junit/platform/junit-platform-engine/1.11.4/junit-platform-engine-1.11.4.jar:/Users/ashit.patel/.m2/repository/org/opentest4j/opentest4j/1.3.0/opentest4j-1.3.0.jar:/Users/ashit.patel/.m2/repository/org/junit/platform/junit-platform-commons/1.11.4/junit-platform-commons-1.11.4.jar:/Users/ashit.patel/.m2/repository/org/junit/jupiter/junit-jupiter-api/5.11.4/junit-jupiter-api-5.11.4.jar:/Users/ashit.patel/.m2/repository/org/apiguardian/apiguardian-api/1.1.2/apiguardian-api-1.1.2.jar:/Users/ashit.patel/.m2/repository/org/junit/vintage/junit-vintage-engine/5.11.4/junit-vintage-engine-5.11.4.jar:/Users/ashit.patel/.m2/repository/junit/junit/4.13.2/junit-4.13.2.jar:/Users/ashit.patel/.m2/repository/org/hamcrest/hamcrest-core/1.3/hamcrest-core-1.3.jar:/Users/ashit.patel/.m2/repository/org/junit/platform/junit-platform-launcher/1.11.4/junit-platform-launcher-1.11.4.jar:/Users/ashit.patel/.m2/repository/org/junit/platform/junit-platform-runner/1.11.4/junit-platform-runner-1.11.4.jar:/Users/ashit.patel/.m2/repository/org/junit/platform/junit-platform-suite-api/1.11.4/junit-platform-suite-api-1.11.4.jar:/Users/ashit.patel/.m2/repository/org/junit/platform/junit-platform-suite-commons/1.11.4/junit-platform-suite-commons-1.11.4.jar:/Users/ashit.patel/.m2/repository/org/springframework/spring-jdbc/6.2.2/spring-jdbc-6.2.2.jar:/Users/ashit.patel/.m2/repository/org/springframework/spring-tx/6.2.2/spring-tx-6.2.2.jar:/Users/ashit.patel/.m2/repository/org/mockito/mockito-core/5.15.2/mockito-core-5.15.2.jar:/Users/ashit.patel/.m2/repository/net/bytebuddy/byte-buddy/1.15.11/byte-buddy-1.15.11.jar:/Users/ashit.patel/.m2/repository/net/bytebuddy/byte-buddy-agent/1.15.11/byte-buddy-agent-1.15.11.jar:/Users/ashit.patel/.m2/repository/org/objenesis/objenesis/3.3/objenesis-3.3.jar:/Users/ashit.patel/salesforce/dataloader-java17-latest/target/dataloader-63.0.0.jar:
java.vm.vendor : Eclipse Adoptium
sun.arch.data.model : 64
java.vendor.url : https://adoptium.net/
user.timezone : America/Los_Angeles
java.vm.specification.version : 22
os.name : Mac OS X
sun.java.launcher : SUN_STANDARD
user.country : US
sun.boot.library.path : /Library/Java/JavaVirtualMachines/temurin-22.jdk/Contents/Home/lib
sun.java.command : /Users/ashit.patel/salesforce/dataloader-java17-latest/target/surefire/surefirebooter-20250120175938835_14.jar /Users/ashit.patel/salesforce/dataloader-java17-latest/target/surefire 2025-01-20T17-59-38_789-jvmRun1 surefire-20250120175938835_12tmp surefire_1-20250120175938835_13tmp
jdk.debug : release
surefire.test.class.path : /Users/ashit.patel/salesforce/dataloader-java17-latest/target/test-classes:/Users/ashit.patel/salesforce/dataloader-java17-latest/target/classes:/Users/ashit.patel/.m2/repository/local/swt/swtmac_aarch64/4.33/swtmac_aarch64-4.33.jar:/Users/ashit.patel/.m2/repository/com/google/code/gson/gson/2.11.0/gson-2.11.0.jar:/Users/ashit.patel/.m2/repository/com/google/errorprone/error_prone_annotations/2.27.0/error_prone_annotations-2.27.0.jar:/Users/ashit.patel/.m2/repository/com/force/api/force-partner-api/63.0.0/force-partner-api-63.0.0.jar:/Users/ashit.patel/.m2/repository/com/force/api/force-wsc/63.0.0/force-wsc-63.0.0.jar:/Users/ashit.patel/.m2/repository/org/antlr/ST4/4.3/ST4-4.3.jar:/Users/ashit.patel/.m2/repository/org/antlr/antlr-runtime/3.5.2/antlr-runtime-3.5.2.jar:/Users/ashit.patel/.m2/repository/com/fasterxml/jackson/core/jackson-core/2.17.1/jackson-core-2.17.1.jar:/Users/ashit.patel/.m2/repository/com/fasterxml/jackson/core/jackson-annotations/2.17.1/jackson-annotations-2.17.1.jar:/Users/ashit.patel/.m2/repository/com/fasterxml/jackson/core/jackson-databind/2.17.1/jackson-databind-2.17.1.jar:/Users/ashit.patel/.m2/repository/commons-beanutils/commons-beanutils/1.9.4/commons-beanutils-1.9.4.jar:/Users/ashit.patel/.m2/repository/commons-collections/commons-collections/3.2.2/commons-collections-3.2.2.jar:/Users/ashit.patel/.m2/repository/org/apache/commons/commons-dbcp2/2.13.0/commons-dbcp2-2.13.0.jar:/Users/ashit.patel/.m2/repository/org/apache/commons/commons-pool2/2.12.0/commons-pool2-2.12.0.jar:/Users/ashit.patel/.m2/repository/jakarta/transaction/jakarta.transaction-api/1.3.3/jakarta.transaction-api-1.3.3.jar:/Users/ashit.patel/.m2/repository/commons-io/commons-io/2.18.0/commons-io-2.18.0.jar:/Users/ashit.patel/.m2/repository/org/apache/logging/log4j/log4j-core/2.24.3/log4j-core-2.24.3.jar:/Users/ashit.patel/.m2/repository/org/apache/logging/log4j/log4j-api/2.24.3/log4j-api-2.24.3.jar:/Users/ashit.patel/.m2/repository/org/apache/httpcomponents/httpclient/4.5.14/httpclient-4.5.14.jar:/Users/ashit.patel/.m2/repository/org/apache/httpcomponents/httpcore/4.4.16/httpcore-4.4.16.jar:/Users/ashit.patel/.m2/repository/commons-codec/commons-codec/1.11/commons-codec-1.11.jar:/Users/ashit.patel/.m2/repository/org/springframework/spring-context/6.2.2/spring-context-6.2.2.jar:/Users/ashit.patel/.m2/repository/org/springframework/spring-aop/6.2.2/spring-aop-6.2.2.jar:/Users/ashit.patel/.m2/repository/org/springframework/spring-beans/6.2.2/spring-beans-6.2.2.jar:/Users/ashit.patel/.m2/repository/org/springframework/spring-core/6.2.2/spring-core-6.2.2.jar:/Users/ashit.patel/.m2/repository/org/springframework/spring-jcl/6.2.2/spring-jcl-6.2.2.jar:/Users/ashit.patel/.m2/repository/org/springframework/spring-expression/6.2.2/spring-expression-6.2.2.jar:/Users/ashit.patel/.m2/repository/io/micrometer/micrometer-observation/1.14.3/micrometer-observation-1.14.3.jar:/Users/ashit.patel/.m2/repository/io/micrometer/micrometer-commons/1.14.3/micrometer-commons-1.14.3.jar:/Users/ashit.patel/.m2/repository/org/eclipse/platform/org.eclipse.jface/3.35.100/org.eclipse.jface-3.35.100.jar:/Users/ashit.patel/.m2/repository/org/eclipse/platform/org.eclipse.core.commands/3.12.200/org.eclipse.core.commands-3.12.200.jar:/Users/ashit.patel/.m2/repository/org/eclipse/platform/org.eclipse.equinox.common/3.19.200/org.eclipse.equinox.common-3.19.200.jar:/Users/ashit.patel/.m2/repository/org/eclipse/platform/org.eclipse.osgi/3.22.0/org.eclipse.osgi-3.22.0.jar:/Users/ashit.patel/.m2/repository/org/apache/commons/commons-text/1.13.0/commons-text-1.13.0.jar:/Users/ashit.patel/.m2/repository/org/apache/commons/commons-lang3/3.17.0/commons-lang3-3.17.0.jar:/Users/ashit.patel/.m2/repository/com/h2database/h2/2.3.232/h2-2.3.232.jar:/Users/ashit.patel/.m2/repository/org/junit/jupiter/junit-jupiter-engine/5.11.4/junit-jupiter-engine-5.11.4.jar:/Users/ashit.patel/.m2/repository/org/junit/platform/junit-platform-engine/1.11.4/junit-platform-engine-1.11.4.jar:/Users/ashit.patel/.m2/repository/org/opentest4j/opentest4j/1.3.0/opentest4j-1.3.0.jar:/Users/ashit.patel/.m2/repository/org/junit/platform/junit-platform-commons/1.11.4/junit-platform-commons-1.11.4.jar:/Users/ashit.patel/.m2/repository/org/junit/jupiter/junit-jupiter-api/5.11.4/junit-jupiter-api-5.11.4.jar:/Users/ashit.patel/.m2/repository/org/apiguardian/apiguardian-api/1.1.2/apiguardian-api-1.1.2.jar:/Users/ashit.patel/.m2/repository/org/junit/vintage/junit-vintage-engine/5.11.4/junit-vintage-engine-5.11.4.jar:/Users/ashit.patel/.m2/repository/junit/junit/4.13.2/junit-4.13.2.jar:/Users/ashit.patel/.m2/repository/org/hamcrest/hamcrest-core/1.3/hamcrest-core-1.3.jar:/Users/ashit.patel/.m2/repository/org/junit/platform/junit-platform-launcher/1.11.4/junit-platform-launcher-1.11.4.jar:/Users/ashit.patel/.m2/repository/org/junit/platform/junit-platform-runner/1.11.4/junit-platform-runner-1.11.4.jar:/Users/ashit.patel/.m2/repository/org/junit/platform/junit-platform-suite-api/1.11.4/junit-platform-suite-api-1.11.4.jar:/Users/ashit.patel/.m2/repository/org/junit/platform/junit-platform-suite-commons/1.11.4/junit-platform-suite-commons-1.11.4.jar:/Users/ashit.patel/.m2/repository/org/springframework/spring-jdbc/6.2.2/spring-jdbc-6.2.2.jar:/Users/ashit.patel/.m2/repository/org/springframework/spring-tx/6.2.2/spring-tx-6.2.2.jar:/Users/ashit.patel/.m2/repository/org/mockito/mockito-core/5.15.2/mockito-core-5.15.2.jar:/Users/ashit.patel/.m2/repository/net/bytebuddy/byte-buddy/1.15.11/byte-buddy-1.15.11.jar:/Users/ashit.patel/.m2/repository/net/bytebuddy/byte-buddy-agent/1.15.11/byte-buddy-agent-1.15.11.jar:/Users/ashit.patel/.m2/repository/org/objenesis/objenesis/3.3/objenesis-3.3.jar:/Users/ashit.patel/salesforce/dataloader-java17-latest/target/dataloader-63.0.0.jar:
sun.cpu.endian : little
user.home : /Users/ashit.patel
user.language : en
java.specification.vendor : Oracle Corporation
java.version.date : 2024-04-16
java.home : /Library/Java/JavaVirtualMachines/temurin-22.jdk/Contents/Home
surefire.skipAfterFailureCount : 5
file.separator : /
basedir : /Users/ashit.patel/salesforce/dataloader-java17-latest
java.vm.compressedOopsMode : Zero based
line.separator : 

java.vm.specification.vendor : Oracle Corporation
java.specification.name : Java Platform API Specification
test.password : b119b18bb7ba916c8f25f92963a6f31d5f9fa25e1fc840c3dda7ecc11f3bfce0
apple.awt.application.name : ForkedBooter
surefire.real.class.path : /Users/ashit.patel/salesforce/dataloader-java17-latest/target/surefire/surefirebooter-20250120175938835_14.jar
test.user.restricted : regular@dl.com
sun.management.compiler : HotSpot 64-Bit Tiered Compilers
java.runtime.version : 22.0.1+8
user.name : ashit.patel
stdout.encoding : UTF-8
path.separator : :
os.version : 15.2
java.runtime.name : OpenJDK Runtime Environment
file.encoding : UTF-8
java.vm.name : OpenJDK 64-Bit Server VM
java.vendor.version : Temurin-22.0.1+8
test.encryptionFile : 
localRepository : /Users/ashit.patel/.m2/repository
java.vendor.url.bug : https://github.com/adoptium/adoptium-support/issues
java.io.tmpdir : /var/folders/60/lpf09f3n3r7bkjpfdt5jctj00000gq/T/
java.version : 22.0.1
user.dir : /Users/ashit.patel/salesforce/dataloader-java17-latest
os.arch : aarch64
java.vm.specification.name : Java Virtual Machine Specification
test.user.default : dltest@dl.com
native.encoding : UTF-8
java.library.path : /Users/ashit.patel/Library/Java/Extensions:/Library/Java/Extensions:/Network/Library/Java/Extensions:/System/Library/Java/Extensions:/usr/lib/java:.
java.vm.info : mixed mode
stderr.encoding : UTF-8
java.vendor : Eclipse Adoptium
java.vm.version : 22.0.1+8
sun.io.unicode.encoding : UnicodeBig
test.endpoint : https://ashit-dev-ed.my.salesforce.com
java.class.version : 66.0
2025-01-20 18:00:54,215 INFO  [testMapDataEmptyEntriesIgnored] mapping.LoadMapper mapData (LoadMapper.java:183) - Mapping for field SOURCE_COL will be ignored since destination column is empty
2025-01-20 18:00:54,233 INFO  [testVerifyMappingsAreValidUnknownColumn] client.PartnerClient dologin (PartnerClient.java:638) - Beginning Partner Salesforce login ....
2025-01-20 18:00:54,241 INFO  [testVerifyMappingsAreValidUnknownColumn] client.PartnerClient loginInternal (PartnerClient.java:693) - Salesforce login to https://ashit-dev-ed.my.salesforce.com//services/Soap/u/63.0/ as user dltest@dl.com
2025-01-20 18:00:54,846 ERROR [testVerifyMappingsAreValidUnknownColumn] client.PartnerClient runOperation (PartnerClient.java:386) - Error while calling web service operation: login, error was: 
com.sforce.soap.partner.fault.UnexpectedErrorFault: null
	at java.base/jdk.internal.reflect.DirectConstructorHandleAccessor.newInstance(DirectConstructorHandleAccessor.java:62) ~[?:?]
	at java.base/java.lang.reflect.Constructor.newInstanceWithCaller(Constructor.java:502) ~[?:?]
	at java.base/java.lang.reflect.ReflectAccess.newInstance(ReflectAccess.java:132) ~[?:?]
	at java.base/jdk.internal.reflect.ReflectionFactory.newInstance(ReflectionFactory.java:259) ~[?:?]
	at java.base/java.lang.Class.newInstance(Class.java:755) ~[?:?]
	at com.sforce.ws.bind.TypeMapper.readSingle(TypeMapper.java:721) ~[force-wsc-63.0.0.jar:?]
	at com.sforce.ws.bind.TypeMapper.readObject(TypeMapper.java:593) ~[force-wsc-63.0.0.jar:?]
	at com.sforce.ws.transport.SoapConnection.parseDetail(SoapConnection.java:250) ~[force-wsc-63.0.0.jar:?]
	at com.sforce.ws.transport.SoapConnection.createException(SoapConnection.java:224) ~[force-wsc-63.0.0.jar:?]
	at com.sforce.ws.transport.SoapConnection.receive(SoapConnection.java:163) ~[force-wsc-63.0.0.jar:?]
	at com.sforce.ws.transport.SoapConnection.send(SoapConnection.java:108) ~[force-wsc-63.0.0.jar:?]
	at com.sforce.soap.partner.PartnerConnection.login(PartnerConnection.java:817) ~[force-partner-api-63.0.0.jar:?]
	at com.salesforce.dataloader.client.PartnerClient$9.run(PartnerClient.java:208) ~[dataloader-63.0.0.jar:?]
	at com.salesforce.dataloader.client.PartnerClient$9.run(PartnerClient.java:199) ~[dataloader-63.0.0.jar:?]
	at com.salesforce.dataloader.client.PartnerClient.runOperation(PartnerClient.java:374) [dataloader-63.0.0.jar:?]
	at com.salesforce.dataloader.client.PartnerClient.loginInternal(PartnerClient.java:694) [dataloader-63.0.0.jar:?]
	at com.salesforce.dataloader.client.PartnerClient.dologin(PartnerClient.java:658) [dataloader-63.0.0.jar:?]
	at com.salesforce.dataloader.client.PartnerClient.loginWithRetries(PartnerClient.java:601) [dataloader-63.0.0.jar:?]
	at com.salesforce.dataloader.client.PartnerClient.login(PartnerClient.java:590) [dataloader-63.0.0.jar:?]
	at com.salesforce.dataloader.client.PartnerClient.connect(PartnerClient.java:246) [dataloader-63.0.0.jar:?]
	at com.salesforce.dataloader.client.PartnerClient.runOperation(PartnerClient.java:370) [dataloader-63.0.0.jar:?]
	at com.salesforce.dataloader.client.PartnerClient.describeSObject(PartnerClient.java:937) [dataloader-63.0.0.jar:?]
	at com.salesforce.dataloader.client.PartnerClient.getFieldTypes(PartnerClient.java:559) [dataloader-63.0.0.jar:?]
	at com.salesforce.dataloader.client.PartnerClient.lookupField(PartnerClient.java:987) [dataloader-63.0.0.jar:?]
	at com.salesforce.dataloader.client.PartnerClient.getField(PartnerClient.java:964) [dataloader-63.0.0.jar:?]
	at com.salesforce.dataloader.mapping.LoadMapper.verifyMappingsAreValid(LoadMapper.java:196) [dataloader-63.0.0.jar:?]
	at com.salesforce.dataloader.mapping.LoadMapperTest.testVerifyMappingsAreValidUnknownColumn(LoadMapperTest.java:269) [test-classes/:?]
	at java.base/jdk.internal.reflect.DirectMethodHandleAccessor.invoke(DirectMethodHandleAccessor.java:103) ~[?:?]
	at java.base/java.lang.reflect.Method.invoke(Method.java:580) ~[?:?]
	at org.junit.runners.model.FrameworkMethod$1.runReflectiveCall(FrameworkMethod.java:59) [junit-4.13.2.jar:4.13.2]
	at org.junit.internal.runners.model.ReflectiveCallable.run(ReflectiveCallable.java:12) [junit-4.13.2.jar:4.13.2]
	at org.junit.runners.model.FrameworkMethod.invokeExplosively(FrameworkMethod.java:56) [junit-4.13.2.jar:4.13.2]
	at org.junit.internal.runners.statements.InvokeMethod.evaluate(InvokeMethod.java:17) [junit-4.13.2.jar:4.13.2]
	at org.junit.internal.runners.statements.RunBefores.evaluate(RunBefores.java:26) [junit-4.13.2.jar:4.13.2]
	at org.junit.internal.runners.statements.RunAfters.evaluate(RunAfters.java:27) [junit-4.13.2.jar:4.13.2]
	at org.junit.rules.TestWatcher$1.evaluate(TestWatcher.java:61) [junit-4.13.2.jar:4.13.2]
	at org.junit.runners.ParentRunner$3.evaluate(ParentRunner.java:306) [junit-4.13.2.jar:4.13.2]
	at org.junit.runners.BlockJUnit4ClassRunner$1.evaluate(BlockJUnit4ClassRunner.java:100) [junit-4.13.2.jar:4.13.2]
	at org.junit.runners.ParentRunner.runLeaf(ParentRunner.java:366) [junit-4.13.2.jar:4.13.2]
	at org.junit.runners.BlockJUnit4ClassRunner.runChild(BlockJUnit4ClassRunner.java:103) [junit-4.13.2.jar:4.13.2]
	at org.junit.runners.BlockJUnit4ClassRunner.runChild(BlockJUnit4ClassRunner.java:63) [junit-4.13.2.jar:4.13.2]
	at org.junit.runners.ParentRunner$4.run(ParentRunner.java:331) [junit-4.13.2.jar:4.13.2]
	at org.junit.runners.ParentRunner$1.schedule(ParentRunner.java:79) [junit-4.13.2.jar:4.13.2]
	at org.junit.runners.ParentRunner.runChildren(ParentRunner.java:329) [junit-4.13.2.jar:4.13.2]
	at org.junit.runners.ParentRunner.access$100(ParentRunner.java:66) [junit-4.13.2.jar:4.13.2]
	at org.junit.runners.ParentRunner$2.evaluate(ParentRunner.java:293) [junit-4.13.2.jar:4.13.2]
	at org.junit.runners.ParentRunner$3.evaluate(ParentRunner.java:306) [junit-4.13.2.jar:4.13.2]
	at org.junit.runners.ParentRunner.run(ParentRunner.java:413) [junit-4.13.2.jar:4.13.2]
	at org.apache.maven.surefire.junit4.JUnit4Provider.execute(JUnit4Provider.java:316) [surefire-junit4-3.5.2.jar:3.5.2]
	at org.apache.maven.surefire.junit4.JUnit4Provider.executeWithRerun(JUnit4Provider.java:240) [surefire-junit4-3.5.2.jar:3.5.2]
	at org.apache.maven.surefire.junit4.JUnit4Provider.executeTestSet(JUnit4Provider.java:214) [surefire-junit4-3.5.2.jar:3.5.2]
	at org.apache.maven.surefire.junit4.JUnit4Provider.invoke(JUnit4Provider.java:155) [surefire-junit4-3.5.2.jar:3.5.2]
	at org.apache.maven.surefire.booter.ForkedBooter.runSuitesInProcess(ForkedBooter.java:385) [surefire-booter-3.5.2.jar:3.5.2]
	at org.apache.maven.surefire.booter.ForkedBooter.execute(ForkedBooter.java:162) [surefire-booter-3.5.2.jar:3.5.2]
	at org.apache.maven.surefire.booter.ForkedBooter.run(ForkedBooter.java:507) [surefire-booter-3.5.2.jar:3.5.2]
	at org.apache.maven.surefire.booter.ForkedBooter.main(ForkedBooter.java:495) [surefire-booter-3.5.2.jar:3.5.2]
2025-01-20 18:00:54,853 ERROR [testVerifyMappingsAreValidUnknownColumn] client.PartnerClient runOperation (PartnerClient.java:392) - Error while calling web service operation: login, error was: Invalid Api version specified on URL
com.sforce.soap.partner.fault.UnexpectedErrorFault: null
	at java.base/jdk.internal.reflect.DirectConstructorHandleAccessor.newInstance(DirectConstructorHandleAccessor.java:62) ~[?:?]
	at java.base/java.lang.reflect.Constructor.newInstanceWithCaller(Constructor.java:502) ~[?:?]
	at java.base/java.lang.reflect.ReflectAccess.newInstance(ReflectAccess.java:132) ~[?:?]
	at java.base/jdk.internal.reflect.ReflectionFactory.newInstance(ReflectionFactory.java:259) ~[?:?]
	at java.base/java.lang.Class.newInstance(Class.java:755) ~[?:?]
	at com.sforce.ws.bind.TypeMapper.readSingle(TypeMapper.java:721) ~[force-wsc-63.0.0.jar:?]
	at com.sforce.ws.bind.TypeMapper.readObject(TypeMapper.java:593) ~[force-wsc-63.0.0.jar:?]
	at com.sforce.ws.transport.SoapConnection.parseDetail(SoapConnection.java:250) ~[force-wsc-63.0.0.jar:?]
	at com.sforce.ws.transport.SoapConnection.createException(SoapConnection.java:224) ~[force-wsc-63.0.0.jar:?]
	at com.sforce.ws.transport.SoapConnection.receive(SoapConnection.java:163) ~[force-wsc-63.0.0.jar:?]
	at com.sforce.ws.transport.SoapConnection.send(SoapConnection.java:108) ~[force-wsc-63.0.0.jar:?]
	at com.sforce.soap.partner.PartnerConnection.login(PartnerConnection.java:817) ~[force-partner-api-63.0.0.jar:?]
	at com.salesforce.dataloader.client.PartnerClient$9.run(PartnerClient.java:208) ~[dataloader-63.0.0.jar:?]
	at com.salesforce.dataloader.client.PartnerClient$9.run(PartnerClient.java:199) ~[dataloader-63.0.0.jar:?]
	at com.salesforce.dataloader.client.PartnerClient.runOperation(PartnerClient.java:374) [dataloader-63.0.0.jar:?]
	at com.salesforce.dataloader.client.PartnerClient.loginInternal(PartnerClient.java:694) [dataloader-63.0.0.jar:?]
	at com.salesforce.dataloader.client.PartnerClient.dologin(PartnerClient.java:658) [dataloader-63.0.0.jar:?]
	at com.salesforce.dataloader.client.PartnerClient.loginWithRetries(PartnerClient.java:601) [dataloader-63.0.0.jar:?]
	at com.salesforce.dataloader.client.PartnerClient.login(PartnerClient.java:590) [dataloader-63.0.0.jar:?]
	at com.salesforce.dataloader.client.PartnerClient.connect(PartnerClient.java:246) [dataloader-63.0.0.jar:?]
	at com.salesforce.dataloader.client.PartnerClient.runOperation(PartnerClient.java:370) [dataloader-63.0.0.jar:?]
	at com.salesforce.dataloader.client.PartnerClient.describeSObject(PartnerClient.java:937) [dataloader-63.0.0.jar:?]
	at com.salesforce.dataloader.client.PartnerClient.getFieldTypes(PartnerClient.java:559) [dataloader-63.0.0.jar:?]
	at com.salesforce.dataloader.client.PartnerClient.lookupField(PartnerClient.java:987) [dataloader-63.0.0.jar:?]
	at com.salesforce.dataloader.client.PartnerClient.getField(PartnerClient.java:964) [dataloader-63.0.0.jar:?]
	at com.salesforce.dataloader.mapping.LoadMapper.verifyMappingsAreValid(LoadMapper.java:196) [dataloader-63.0.0.jar:?]
	at com.salesforce.dataloader.mapping.LoadMapperTest.testVerifyMappingsAreValidUnknownColumn(LoadMapperTest.java:269) [test-classes/:?]
	at java.base/jdk.internal.reflect.DirectMethodHandleAccessor.invoke(DirectMethodHandleAccessor.java:103) ~[?:?]
	at java.base/java.lang.reflect.Method.invoke(Method.java:580) ~[?:?]
	at org.junit.runners.model.FrameworkMethod$1.runReflectiveCall(FrameworkMethod.java:59) [junit-4.13.2.jar:4.13.2]
	at org.junit.internal.runners.model.ReflectiveCallable.run(ReflectiveCallable.java:12) [junit-4.13.2.jar:4.13.2]
	at org.junit.runners.model.FrameworkMethod.invokeExplosively(FrameworkMethod.java:56) [junit-4.13.2.jar:4.13.2]
	at org.junit.internal.runners.statements.InvokeMethod.evaluate(InvokeMethod.java:17) [junit-4.13.2.jar:4.13.2]
	at org.junit.internal.runners.statements.RunBefores.evaluate(RunBefores.java:26) [junit-4.13.2.jar:4.13.2]
	at org.junit.internal.runners.statements.RunAfters.evaluate(RunAfters.java:27) [junit-4.13.2.jar:4.13.2]
	at org.junit.rules.TestWatcher$1.evaluate(TestWatcher.java:61) [junit-4.13.2.jar:4.13.2]
	at org.junit.runners.ParentRunner$3.evaluate(ParentRunner.java:306) [junit-4.13.2.jar:4.13.2]
	at org.junit.runners.BlockJUnit4ClassRunner$1.evaluate(BlockJUnit4ClassRunner.java:100) [junit-4.13.2.jar:4.13.2]
	at org.junit.runners.ParentRunner.runLeaf(ParentRunner.java:366) [junit-4.13.2.jar:4.13.2]
	at org.junit.runners.BlockJUnit4ClassRunner.runChild(BlockJUnit4ClassRunner.java:103) [junit-4.13.2.jar:4.13.2]
	at org.junit.runners.BlockJUnit4ClassRunner.runChild(BlockJUnit4ClassRunner.java:63) [junit-4.13.2.jar:4.13.2]
	at org.junit.runners.ParentRunner$4.run(ParentRunner.java:331) [junit-4.13.2.jar:4.13.2]
	at org.junit.runners.ParentRunner$1.schedule(ParentRunner.java:79) [junit-4.13.2.jar:4.13.2]
	at org.junit.runners.ParentRunner.runChildren(ParentRunner.java:329) [junit-4.13.2.jar:4.13.2]
	at org.junit.runners.ParentRunner.access$100(ParentRunner.java:66) [junit-4.13.2.jar:4.13.2]
	at org.junit.runners.ParentRunner$2.evaluate(ParentRunner.java:293) [junit-4.13.2.jar:4.13.2]
	at org.junit.runners.ParentRunner$3.evaluate(ParentRunner.java:306) [junit-4.13.2.jar:4.13.2]
	at org.junit.runners.ParentRunner.run(ParentRunner.java:413) [junit-4.13.2.jar:4.13.2]
	at org.apache.maven.surefire.junit4.JUnit4Provider.execute(JUnit4Provider.java:316) [surefire-junit4-3.5.2.jar:3.5.2]
	at org.apache.maven.surefire.junit4.JUnit4Provider.executeWithRerun(JUnit4Provider.java:240) [surefire-junit4-3.5.2.jar:3.5.2]
	at org.apache.maven.surefire.junit4.JUnit4Provider.executeTestSet(JUnit4Provider.java:214) [surefire-junit4-3.5.2.jar:3.5.2]
	at org.apache.maven.surefire.junit4.JUnit4Provider.invoke(JUnit4Provider.java:155) [surefire-junit4-3.5.2.jar:3.5.2]
	at org.apache.maven.surefire.booter.ForkedBooter.runSuitesInProcess(ForkedBooter.java:385) [surefire-booter-3.5.2.jar:3.5.2]
	at org.apache.maven.surefire.booter.ForkedBooter.execute(ForkedBooter.java:162) [surefire-booter-3.5.2.jar:3.5.2]
	at org.apache.maven.surefire.booter.ForkedBooter.run(ForkedBooter.java:507) [surefire-booter-3.5.2.jar:3.5.2]
	at org.apache.maven.surefire.booter.ForkedBooter.main(ForkedBooter.java:495) [surefire-booter-3.5.2.jar:3.5.2]
2025-01-20 18:00:54,854 ERROR [testVerifyMappingsAreValidUnknownColumn] client.PartnerClient loginInternal (PartnerClient.java:714) - Error while logging in to web service at: https://ashit-dev-ed.my.salesforce.com//services/Soap/u/63.0/, error was: 
com.sforce.soap.partner.fault.UnexpectedErrorFault: null
	at java.base/jdk.internal.reflect.DirectConstructorHandleAccessor.newInstance(DirectConstructorHandleAccessor.java:62) ~[?:?]
	at java.base/java.lang.reflect.Constructor.newInstanceWithCaller(Constructor.java:502) ~[?:?]
	at java.base/java.lang.reflect.ReflectAccess.newInstance(ReflectAccess.java:132) ~[?:?]
	at java.base/jdk.internal.reflect.ReflectionFactory.newInstance(ReflectionFactory.java:259) ~[?:?]
	at java.base/java.lang.Class.newInstance(Class.java:755) ~[?:?]
	at com.sforce.ws.bind.TypeMapper.readSingle(TypeMapper.java:721) ~[force-wsc-63.0.0.jar:?]
	at com.sforce.ws.bind.TypeMapper.readObject(TypeMapper.java:593) ~[force-wsc-63.0.0.jar:?]
	at com.sforce.ws.transport.SoapConnection.parseDetail(SoapConnection.java:250) ~[force-wsc-63.0.0.jar:?]
	at com.sforce.ws.transport.SoapConnection.createException(SoapConnection.java:224) ~[force-wsc-63.0.0.jar:?]
	at com.sforce.ws.transport.SoapConnection.receive(SoapConnection.java:163) ~[force-wsc-63.0.0.jar:?]
	at com.sforce.ws.transport.SoapConnection.send(SoapConnection.java:108) ~[force-wsc-63.0.0.jar:?]
	at com.sforce.soap.partner.PartnerConnection.login(PartnerConnection.java:817) ~[force-partner-api-63.0.0.jar:?]
	at com.salesforce.dataloader.client.PartnerClient$9.run(PartnerClient.java:208) ~[dataloader-63.0.0.jar:?]
	at com.salesforce.dataloader.client.PartnerClient$9.run(PartnerClient.java:199) ~[dataloader-63.0.0.jar:?]
	at com.salesforce.dataloader.client.PartnerClient.runOperation(PartnerClient.java:374) ~[dataloader-63.0.0.jar:?]
	at com.salesforce.dataloader.client.PartnerClient.loginInternal(PartnerClient.java:694) [dataloader-63.0.0.jar:?]
	at com.salesforce.dataloader.client.PartnerClient.dologin(PartnerClient.java:658) [dataloader-63.0.0.jar:?]
	at com.salesforce.dataloader.client.PartnerClient.loginWithRetries(PartnerClient.java:601) [dataloader-63.0.0.jar:?]
	at com.salesforce.dataloader.client.PartnerClient.login(PartnerClient.java:590) [dataloader-63.0.0.jar:?]
	at com.salesforce.dataloader.client.PartnerClient.connect(PartnerClient.java:246) [dataloader-63.0.0.jar:?]
	at com.salesforce.dataloader.client.PartnerClient.runOperation(PartnerClient.java:370) [dataloader-63.0.0.jar:?]
	at com.salesforce.dataloader.client.PartnerClient.describeSObject(PartnerClient.java:937) [dataloader-63.0.0.jar:?]
	at com.salesforce.dataloader.client.PartnerClient.getFieldTypes(PartnerClient.java:559) [dataloader-63.0.0.jar:?]
	at com.salesforce.dataloader.client.PartnerClient.lookupField(PartnerClient.java:987) [dataloader-63.0.0.jar:?]
	at com.salesforce.dataloader.client.PartnerClient.getField(PartnerClient.java:964) [dataloader-63.0.0.jar:?]
	at com.salesforce.dataloader.mapping.LoadMapper.verifyMappingsAreValid(LoadMapper.java:196) [dataloader-63.0.0.jar:?]
	at com.salesforce.dataloader.mapping.LoadMapperTest.testVerifyMappingsAreValidUnknownColumn(LoadMapperTest.java:269) [test-classes/:?]
	at java.base/jdk.internal.reflect.DirectMethodHandleAccessor.invoke(DirectMethodHandleAccessor.java:103) ~[?:?]
	at java.base/java.lang.reflect.Method.invoke(Method.java:580) ~[?:?]
	at org.junit.runners.model.FrameworkMethod$1.runReflectiveCall(FrameworkMethod.java:59) [junit-4.13.2.jar:4.13.2]
	at org.junit.internal.runners.model.ReflectiveCallable.run(ReflectiveCallable.java:12) [junit-4.13.2.jar:4.13.2]
	at org.junit.runners.model.FrameworkMethod.invokeExplosively(FrameworkMethod.java:56) [junit-4.13.2.jar:4.13.2]
	at org.junit.internal.runners.statements.InvokeMethod.evaluate(InvokeMethod.java:17) [junit-4.13.2.jar:4.13.2]
	at org.junit.internal.runners.statements.RunBefores.evaluate(RunBefores.java:26) [junit-4.13.2.jar:4.13.2]
	at org.junit.internal.runners.statements.RunAfters.evaluate(RunAfters.java:27) [junit-4.13.2.jar:4.13.2]
	at org.junit.rules.TestWatcher$1.evaluate(TestWatcher.java:61) [junit-4.13.2.jar:4.13.2]
	at org.junit.runners.ParentRunner$3.evaluate(ParentRunner.java:306) [junit-4.13.2.jar:4.13.2]
	at org.junit.runners.BlockJUnit4ClassRunner$1.evaluate(BlockJUnit4ClassRunner.java:100) [junit-4.13.2.jar:4.13.2]
	at org.junit.runners.ParentRunner.runLeaf(ParentRunner.java:366) [junit-4.13.2.jar:4.13.2]
	at org.junit.runners.BlockJUnit4ClassRunner.runChild(BlockJUnit4ClassRunner.java:103) [junit-4.13.2.jar:4.13.2]
	at org.junit.runners.BlockJUnit4ClassRunner.runChild(BlockJUnit4ClassRunner.java:63) [junit-4.13.2.jar:4.13.2]
	at org.junit.runners.ParentRunner$4.run(ParentRunner.java:331) [junit-4.13.2.jar:4.13.2]
	at org.junit.runners.ParentRunner$1.schedule(ParentRunner.java:79) [junit-4.13.2.jar:4.13.2]
	at org.junit.runners.ParentRunner.runChildren(ParentRunner.java:329) [junit-4.13.2.jar:4.13.2]
	at org.junit.runners.ParentRunner.access$100(ParentRunner.java:66) [junit-4.13.2.jar:4.13.2]
	at org.junit.runners.ParentRunner$2.evaluate(ParentRunner.java:293) [junit-4.13.2.jar:4.13.2]
	at org.junit.runners.ParentRunner$3.evaluate(ParentRunner.java:306) [junit-4.13.2.jar:4.13.2]
	at org.junit.runners.ParentRunner.run(ParentRunner.java:413) [junit-4.13.2.jar:4.13.2]
	at org.apache.maven.surefire.junit4.JUnit4Provider.execute(JUnit4Provider.java:316) [surefire-junit4-3.5.2.jar:3.5.2]
	at org.apache.maven.surefire.junit4.JUnit4Provider.executeWithRerun(JUnit4Provider.java:240) [surefire-junit4-3.5.2.jar:3.5.2]
	at org.apache.maven.surefire.junit4.JUnit4Provider.executeTestSet(JUnit4Provider.java:214) [surefire-junit4-3.5.2.jar:3.5.2]
	at org.apache.maven.surefire.junit4.JUnit4Provider.invoke(JUnit4Provider.java:155) [surefire-junit4-3.5.2.jar:3.5.2]
	at org.apache.maven.surefire.booter.ForkedBooter.runSuitesInProcess(ForkedBooter.java:385) [surefire-booter-3.5.2.jar:3.5.2]
	at org.apache.maven.surefire.booter.ForkedBooter.execute(ForkedBooter.java:162) [surefire-booter-3.5.2.jar:3.5.2]
	at org.apache.maven.surefire.booter.ForkedBooter.run(ForkedBooter.java:507) [surefire-booter-3.5.2.jar:3.5.2]
	at org.apache.maven.surefire.booter.ForkedBooter.main(ForkedBooter.java:495) [surefire-booter-3.5.2.jar:3.5.2]
2025-01-20 18:00:54,856 ERROR [testVerifyMappingsAreValidUnknownColumn] client.PartnerClient loginWithRetries (PartnerClient.java:605) - Failed to successfully invoke server APIs of version 63.0
2025-01-20 18:00:54,857 INFO  [testVerifyMappingsAreValidUnknownColumn] client.PartnerClient dologin (PartnerClient.java:638) - Beginning Partner Salesforce login ....
2025-01-20 18:00:54,857 INFO  [testVerifyMappingsAreValidUnknownColumn] client.PartnerClient loginInternal (PartnerClient.java:693) - Salesforce login to https://ashit-dev-ed.my.salesforce.com//services/Soap/u/62.0/ as user dltest@dl.com
[INFO] Tests run: 10, Failures: 0, Errors: 0, Skipped: 0, Time elapsed: 2.745 s -- in com.salesforce.dataloader.mapping.LoadMapperTest
[INFO] Running com.salesforce.dataloader.mapping.SoqlInfoTest
[INFO] Tests run: 17, Failures: 0, Errors: 0, Skipped: 0, Time elapsed: 0.118 s -- in com.salesforce.dataloader.mapping.SoqlInfoTest
[INFO] Running com.salesforce.dataloader.dyna.SObjectReferenceConverterTest
2025-01-20 18:00:55,604 INFO  [testSObjectReferenceConverter] client.PartnerClient dologin (PartnerClient.java:638) - Beginning Partner Salesforce login ....
2025-01-20 18:00:55,605 INFO  [testSObjectReferenceConverter] client.PartnerClient loginInternal (PartnerClient.java:693) - Salesforce login to https://ashit-dev-ed.my.salesforce.com//services/Soap/u/62.0/ as user dltest@dl.com
[INFO] Tests run: 1, Failures: 0, Errors: 0, Skipped: 0, Time elapsed: 0.581 s -- in com.salesforce.dataloader.dyna.SObjectReferenceConverterTest
[INFO] Running com.salesforce.dataloader.dyna.IntegerConverterTest
[INFO] Tests run: 3, Failures: 0, Errors: 0, Skipped: 0, Time elapsed: 0.028 s -- in com.salesforce.dataloader.dyna.IntegerConverterTest
[INFO] Running com.salesforce.dataloader.oauth.OAuthSecretFlowUtilTests
[INFO] Tests run: 6, Failures: 0, Errors: 0, Skipped: 0, Time elapsed: 0.695 s -- in com.salesforce.dataloader.oauth.OAuthSecretFlowUtilTests
[INFO] Running com.salesforce.dataloader.oauth.OAuthFlowUtilTests
[INFO] Tests run: 6, Failures: 0, Errors: 0, Skipped: 0, Time elapsed: 0.047 s -- in com.salesforce.dataloader.oauth.OAuthFlowUtilTests
[INFO] Running com.salesforce.dataloader.config.AppConfigEdgeTest
2025-01-20 18:00:56,992 WARN  [main] config.AppConfig getInstance (AppConfig.java:1936) - No arguments provided to initialize AppConfig. Loading default configuration.
[INFO] Tests run: 7, Failures: 0, Errors: 0, Skipped: 0, Time elapsed: 0.086 s -- in com.salesforce.dataloader.config.AppConfigEdgeTest
[INFO] Running com.salesforce.dataloader.config.ConfigTest
[INFO] Tests run: 6, Failures: 0, Errors: 0, Skipped: 0, Time elapsed: 0.083 s -- in com.salesforce.dataloader.config.ConfigTest
[INFO] Running com.salesforce.dataloader.model.OAuthTokenTests
[INFO] Tests run: 8, Failures: 0, Errors: 0, Skipped: 0, Time elapsed: 0.049 s -- in com.salesforce.dataloader.model.OAuthTokenTests
[INFO] Running com.salesforce.dataloader.client.transport.HttpClientTransportTest
[WARNING] Tests run: 1, Failures: 0, Errors: 0, Skipped: 1, Time elapsed: 0 s -- in com.salesforce.dataloader.client.transport.HttpClientTransportTest
[INFO] Running com.salesforce.dataloader.client.PartnerClientTest
2025-01-20 18:00:57,220 INFO  [testUpsertAccountFkBasic] process.ProcessTestBase saveSfdcRecords (ProcessTestBase.java:279) - Upserting 2 total Accounts
2025-01-20 18:00:57,220 INFO  [testUpsertAccountFkBasic] dataloader.TestBase getBinding (TestBase.java:251) - Getting binding for URL: https://ashit-dev-ed.my.salesforce.com//services/Soap/u/63.0/
2025-01-20 18:00:57,220 INFO  [testUpsertAccountFkBasic] dataloader.TestBase newConnection (TestBase.java:319) - Logging in as dltest@dl.com/dataloader6 to URL: https://ashit-dev-ed.my.salesforce.com//services/Soap/u/63.0/
2025-01-20 18:00:57,603 ERROR [testUpsertAccountFkBasic] dataloader.TestBase getBinding (TestBase.java:254) - Failed to invoke server APIs of version 63.0
2025-01-20 18:00:57,603 INFO  [testUpsertAccountFkBasic] dataloader.TestBase getBinding (TestBase.java:257) - Getting binding for URL: https://ashit-dev-ed.my.salesforce.com//services/Soap/u/62.0/
2025-01-20 18:00:57,603 INFO  [testUpsertAccountFkBasic] dataloader.TestBase newConnection (TestBase.java:319) - Logging in as dltest@dl.com/dataloader6 to URL: https://ashit-dev-ed.my.salesforce.com//services/Soap/u/62.0/
2025-01-20 18:00:58,503 INFO  [testUpsertAccountFkBasic] dataloader.PartnerConnectionForTest deleteSfdcRecords (PartnerConnectionForTest.java:189) - Deleted 0 total objects of type Account
2025-01-20 18:00:58,872 INFO  [testUpsertAccountFkBasic] dataloader.PartnerConnectionForTest deleteSfdcRecords (PartnerConnectionForTest.java:189) - Deleted 0 total objects of type Contact
2025-01-20 18:00:59,277 INFO  [testUpsertAccountFkBasic] dataloader.PartnerConnectionForTest deleteSfdcRecords (PartnerConnectionForTest.java:189) - Deleted 0 total objects of type TestField__c
2025-01-20 18:00:59,873 INFO  [testUpsertAccountFkBasic] client.PartnerClient dologin (PartnerClient.java:638) - Beginning Partner Salesforce login ....
2025-01-20 18:00:59,873 INFO  [testUpsertAccountFkBasic] client.PartnerClient loginInternal (PartnerClient.java:693) - Salesforce login to https://ashit-dev-ed.my.salesforce.com//services/Soap/u/62.0/ as user dltest@dl.com
2025-01-20 18:01:00,301 INFO  [testUpsertAccountFkBasic] process.ProcessTestBase saveSfdcRecords (ProcessTestBase.java:279) - Upserting 2 total Accounts
2025-01-20 18:01:00,765 INFO  [testUpsertAccountFkBasic] client.PartnerClient dologin (PartnerClient.java:638) - Beginning Partner Salesforce login ....
2025-01-20 18:01:00,766 INFO  [testUpsertAccountFkBasic] client.PartnerClient loginInternal (PartnerClient.java:693) - Salesforce login to https://ashit-dev-ed.my.salesforce.com//services/Soap/u/62.0/ as user dltest@dl.com
2025-01-20 18:01:02,618 INFO  [testUpsertAccountFkBasic] client.PartnerClient dologin (PartnerClient.java:638) - Beginning Partner Salesforce login ....
2025-01-20 18:01:02,619 INFO  [testUpsertAccountFkBasic] client.PartnerClient loginInternal (PartnerClient.java:693) - Salesforce login to https://ashit-dev-ed.my.salesforce.com//services/Soap/u/62.0/ as user dltest@dl.com
2025-01-20 18:01:03,191 ERROR [testUpsertAccountFkBasic] dyna.ParentIdLookupFieldFormatter <init> (ParentIdLookupFieldFormatter.java:94) - field name 1 has '-' but does not have ':' char
2025-01-20 18:01:04,557 INFO  [testUpsertAccountFkBasic] client.PartnerClient dologin (PartnerClient.java:638) - Beginning Partner Salesforce login ....
2025-01-20 18:01:04,557 INFO  [testUpsertAccountFkBasic] client.PartnerClient loginInternal (PartnerClient.java:693) - Salesforce login to https://ashit-dev-ed.my.salesforce.com//services/Soap/u/62.0/ as user dltest@dl.com
2025-01-20 18:01:05,203 WARN  [testUpsertAccountFkBasic] process.ProcessTestBase tearDownMemoryProfiling (ProcessTestBase.java:99) - memory increase after use: 5Mb
2025-01-20 18:01:06,389 INFO  [main] dataloader.PartnerConnectionForTest deleteSfdcRecords (PartnerConnectionForTest.java:189) - Deleted 2 total objects of type Account
2025-01-20 18:01:06,763 INFO  [main] dataloader.PartnerConnectionForTest deleteSfdcRecords (PartnerConnectionForTest.java:189) - Deleted 0 total objects of type Task
2025-01-20 18:01:07,156 INFO  [main] dataloader.PartnerConnectionForTest deleteSfdcRecords (PartnerConnectionForTest.java:189) - Deleted 0 total objects of type TestField__c
2025-01-20 18:01:07,520 INFO  [main] dataloader.PartnerConnectionForTest deleteSfdcRecords (PartnerConnectionForTest.java:189) - Deleted 0 total objects of type Contact
2025-01-20 18:01:07,576 INFO  [testDeleteBasic] process.ProcessTestBase saveSfdcRecords (ProcessTestBase.java:279) - Upserting 10 total Accounts
2025-01-20 18:01:07,577 INFO  [testDeleteBasic] dataloader.TestBase getBinding (TestBase.java:251) - Getting binding for URL: https://ashit-dev-ed.my.salesforce.com//services/Soap/u/63.0/
2025-01-20 18:01:07,577 INFO  [testDeleteBasic] dataloader.TestBase newConnection (TestBase.java:319) - Logging in as dltest@dl.com/dataloader6 to URL: https://ashit-dev-ed.my.salesforce.com//services/Soap/u/63.0/
2025-01-20 18:01:07,964 ERROR [testDeleteBasic] dataloader.TestBase getBinding (TestBase.java:254) - Failed to invoke server APIs of version 63.0
2025-01-20 18:01:07,964 INFO  [testDeleteBasic] dataloader.TestBase getBinding (TestBase.java:257) - Getting binding for URL: https://ashit-dev-ed.my.salesforce.com//services/Soap/u/62.0/
2025-01-20 18:01:07,964 INFO  [testDeleteBasic] dataloader.TestBase newConnection (TestBase.java:319) - Logging in as dltest@dl.com/dataloader6 to URL: https://ashit-dev-ed.my.salesforce.com//services/Soap/u/62.0/
2025-01-20 18:01:09,024 INFO  [testDeleteBasic] client.PartnerClient dologin (PartnerClient.java:638) - Beginning Partner Salesforce login ....
2025-01-20 18:01:09,025 INFO  [testDeleteBasic] client.PartnerClient loginInternal (PartnerClient.java:693) - Salesforce login to https://ashit-dev-ed.my.salesforce.com//services/Soap/u/62.0/ as user dltest@dl.com
2025-01-20 18:01:09,495 INFO  [testDeleteBasic] client.PartnerClient dologin (PartnerClient.java:638) - Beginning Partner Salesforce login ....
2025-01-20 18:01:09,496 INFO  [testDeleteBasic] client.PartnerClient loginInternal (PartnerClient.java:693) - Salesforce login to https://ashit-dev-ed.my.salesforce.com//services/Soap/u/62.0/ as user dltest@dl.com
2025-01-20 18:01:10,055 INFO  [testDeleteBasic] client.PartnerClient dologin (PartnerClient.java:638) - Beginning Partner Salesforce login ....
2025-01-20 18:01:10,055 INFO  [testDeleteBasic] client.PartnerClient loginInternal (PartnerClient.java:693) - Salesforce login to https://ashit-dev-ed.my.salesforce.com//services/Soap/u/62.0/ as user dltest@dl.com
2025-01-20 18:01:11,903 INFO  [main] dataloader.PartnerConnectionForTest deleteSfdcRecords (PartnerConnectionForTest.java:189) - Deleted 9 total objects of type Account
2025-01-20 18:01:12,064 INFO  [main] dataloader.PartnerConnectionForTest deleteSfdcRecords (PartnerConnectionForTest.java:189) - Deleted 0 total objects of type Task
2025-01-20 18:01:12,444 INFO  [main] dataloader.PartnerConnectionForTest deleteSfdcRecords (PartnerConnectionForTest.java:189) - Deleted 0 total objects of type TestField__c
2025-01-20 18:01:12,819 INFO  [main] dataloader.PartnerConnectionForTest deleteSfdcRecords (PartnerConnectionForTest.java:189) - Deleted 0 total objects of type Contact
2025-01-20 18:01:12,861 INFO  [testSetFieldTypes] client.PartnerClient dologin (PartnerClient.java:638) - Beginning Partner Salesforce login ....
2025-01-20 18:01:12,861 INFO  [testSetFieldTypes] client.PartnerClient loginInternal (PartnerClient.java:693) - Salesforce login to https://ashit-dev-ed.my.salesforce.com//services/Soap/u/62.0/ as user dltest@dl.com
2025-01-20 18:01:13,436 INFO  [testUpdateBasic] process.ProcessTestBase saveSfdcRecords (ProcessTestBase.java:279) - Upserting 10 total Accounts
2025-01-20 18:01:13,436 INFO  [testUpdateBasic] dataloader.TestBase getBinding (TestBase.java:251) - Getting binding for URL: https://ashit-dev-ed.my.salesforce.com//services/Soap/u/63.0/
2025-01-20 18:01:13,436 INFO  [testUpdateBasic] dataloader.TestBase newConnection (TestBase.java:319) - Logging in as dltest@dl.com/dataloader6 to URL: https://ashit-dev-ed.my.salesforce.com//services/Soap/u/63.0/
2025-01-20 18:01:13,776 ERROR [testUpdateBasic] dataloader.TestBase getBinding (TestBase.java:254) - Failed to invoke server APIs of version 63.0
2025-01-20 18:01:13,777 INFO  [testUpdateBasic] dataloader.TestBase getBinding (TestBase.java:257) - Getting binding for URL: https://ashit-dev-ed.my.salesforce.com//services/Soap/u/62.0/
2025-01-20 18:01:13,777 INFO  [testUpdateBasic] dataloader.TestBase newConnection (TestBase.java:319) - Logging in as dltest@dl.com/dataloader6 to URL: https://ashit-dev-ed.my.salesforce.com//services/Soap/u/62.0/
2025-01-20 18:01:14,892 INFO  [testUpdateBasic] client.PartnerClient dologin (PartnerClient.java:638) - Beginning Partner Salesforce login ....
2025-01-20 18:01:14,893 INFO  [testUpdateBasic] client.PartnerClient loginInternal (PartnerClient.java:693) - Salesforce login to https://ashit-dev-ed.my.salesforce.com//services/Soap/u/62.0/ as user dltest@dl.com
2025-01-20 18:01:15,325 INFO  [testUpdateBasic] client.PartnerClient dologin (PartnerClient.java:638) - Beginning Partner Salesforce login ....
2025-01-20 18:01:15,326 INFO  [testUpdateBasic] client.PartnerClient loginInternal (PartnerClient.java:693) - Salesforce login to https://ashit-dev-ed.my.salesforce.com//services/Soap/u/62.0/ as user dltest@dl.com
2025-01-20 18:01:15,887 INFO  [testUpdateBasic] client.PartnerClient dologin (PartnerClient.java:638) - Beginning Partner Salesforce login ....
2025-01-20 18:01:15,888 INFO  [testUpdateBasic] client.PartnerClient loginInternal (PartnerClient.java:693) - Salesforce login to https://ashit-dev-ed.my.salesforce.com//services/Soap/u/62.0/ as user dltest@dl.com
2025-01-20 18:01:17,384 INFO  [main] dataloader.PartnerConnectionForTest deleteSfdcRecords (PartnerConnectionForTest.java:189) - Deleted 10 total objects of type Account
2025-01-20 18:01:17,752 INFO  [main] dataloader.PartnerConnectionForTest deleteSfdcRecords (PartnerConnectionForTest.java:189) - Deleted 0 total objects of type Task
2025-01-20 18:01:18,105 INFO  [main] dataloader.PartnerConnectionForTest deleteSfdcRecords (PartnerConnectionForTest.java:189) - Deleted 0 total objects of type TestField__c
2025-01-20 18:01:18,473 INFO  [main] dataloader.PartnerConnectionForTest deleteSfdcRecords (PartnerConnectionForTest.java:189) - Deleted 0 total objects of type Contact
2025-01-20 18:01:18,498 INFO  [testQueryBasic] process.ProcessTestBase saveSfdcRecords (ProcessTestBase.java:279) - Upserting 10 total Accounts
2025-01-20 18:01:18,498 INFO  [testQueryBasic] dataloader.TestBase getBinding (TestBase.java:251) - Getting binding for URL: https://ashit-dev-ed.my.salesforce.com//services/Soap/u/63.0/
2025-01-20 18:01:18,498 INFO  [testQueryBasic] dataloader.TestBase newConnection (TestBase.java:319) - Logging in as dltest@dl.com/dataloader6 to URL: https://ashit-dev-ed.my.salesforce.com//services/Soap/u/63.0/
2025-01-20 18:01:18,860 ERROR [testQueryBasic] dataloader.TestBase getBinding (TestBase.java:254) - Failed to invoke server APIs of version 63.0
2025-01-20 18:01:18,861 INFO  [testQueryBasic] dataloader.TestBase getBinding (TestBase.java:257) - Getting binding for URL: https://ashit-dev-ed.my.salesforce.com//services/Soap/u/62.0/
2025-01-20 18:01:18,861 INFO  [testQueryBasic] dataloader.TestBase newConnection (TestBase.java:319) - Logging in as dltest@dl.com/dataloader6 to URL: https://ashit-dev-ed.my.salesforce.com//services/Soap/u/62.0/
2025-01-20 18:01:19,913 INFO  [testQueryBasic] client.PartnerClient dologin (PartnerClient.java:638) - Beginning Partner Salesforce login ....
2025-01-20 18:01:19,914 INFO  [testQueryBasic] client.PartnerClient loginInternal (PartnerClient.java:693) - Salesforce login to https://ashit-dev-ed.my.salesforce.com//services/Soap/u/62.0/ as user dltest@dl.com
2025-01-20 18:01:21,495 INFO  [main] dataloader.PartnerConnectionForTest deleteSfdcRecords (PartnerConnectionForTest.java:189) - Deleted 10 total objects of type Account
2025-01-20 18:01:21,657 INFO  [main] dataloader.PartnerConnectionForTest deleteSfdcRecords (PartnerConnectionForTest.java:189) - Deleted 0 total objects of type Task
2025-01-20 18:01:22,032 INFO  [main] dataloader.PartnerConnectionForTest deleteSfdcRecords (PartnerConnectionForTest.java:189) - Deleted 0 total objects of type TestField__c
2025-01-20 18:01:22,443 INFO  [main] dataloader.PartnerConnectionForTest deleteSfdcRecords (PartnerConnectionForTest.java:189) - Deleted 0 total objects of type Contact
2025-01-20 18:01:22,482 INFO  [testInsertBasic] client.PartnerClient dologin (PartnerClient.java:638) - Beginning Partner Salesforce login ....
2025-01-20 18:01:22,483 INFO  [testInsertBasic] client.PartnerClient loginInternal (PartnerClient.java:693) - Salesforce login to https://ashit-dev-ed.my.salesforce.com//services/Soap/u/62.0/ as user dltest@dl.com
2025-01-20 18:01:22,979 INFO  [testInsertBasic] client.PartnerClient dologin (PartnerClient.java:638) - Beginning Partner Salesforce login ....
2025-01-20 18:01:22,980 INFO  [testInsertBasic] client.PartnerClient loginInternal (PartnerClient.java:693) - Salesforce login to https://ashit-dev-ed.my.salesforce.com//services/Soap/u/62.0/ as user dltest@dl.com
2025-01-20 18:01:23,639 INFO  [testPartnerClientSfdcInternalSessionIdWithoutSfdcInternalConnect] client.PartnerClient dologin (PartnerClient.java:638) - Beginning Partner Salesforce login ....
2025-01-20 18:01:23,640 INFO  [testPartnerClientSfdcInternalSessionIdWithoutSfdcInternalConnect] client.PartnerClient loginInternal (PartnerClient.java:693) - Salesforce login to https://ashit-dev-ed.my.salesforce.com//services/Soap/u/62.0/ as user dltest@dl.com
2025-01-20 18:01:23,869 INFO  [testPartnerClientSfdcInternalSessionIdWithoutSfdcInternalConnect] client.PartnerClient dologin (PartnerClient.java:638) - Beginning Partner Salesforce login ....
2025-01-20 18:01:23,871 ERROR [testPartnerClientSfdcInternalSessionIdWithoutSfdcInternalConnect] client.ClientBase getConnectorConfig (ClientBase.java:128) - Empty salesforce.com username specified.  Please make sure that parameter sfdc.username is set to correct username.
2025-01-20 18:01:23,928 INFO  [testDisconnect] client.PartnerClient dologin (PartnerClient.java:638) - Beginning Partner Salesforce login ....
2025-01-20 18:01:23,928 INFO  [testDisconnect] client.PartnerClient loginInternal (PartnerClient.java:693) - Salesforce login to https://ashit-dev-ed.my.salesforce.com//services/Soap/u/62.0/ as user dltest@dl.com
2025-01-20 18:01:24,201 INFO  [testPartnerClientNoUserName] client.PartnerClient dologin (PartnerClient.java:638) - Beginning Partner Salesforce login ....
2025-01-20 18:01:24,201 ERROR [testPartnerClientNoUserName] client.ClientBase getConnectorConfig (ClientBase.java:128) - Empty salesforce.com username specified.  Please make sure that parameter sfdc.username is set to correct username.
2025-01-20 18:01:24,237 INFO  [testPartnerClientSfdcInternalSessionIdConnect] client.PartnerClient dologin (PartnerClient.java:638) - Beginning Partner Salesforce login ....
2025-01-20 18:01:24,237 INFO  [testPartnerClientSfdcInternalSessionIdConnect] client.PartnerClient loginInternal (PartnerClient.java:693) - Salesforce login to https://ashit-dev-ed.my.salesforce.com//services/Soap/u/62.0/ as user dltest@dl.com
2025-01-20 18:01:24,481 INFO  [testPartnerClientSfdcInternalSessionIdConnect] client.PartnerClient dologin (PartnerClient.java:638) - Beginning Partner Salesforce login ....
2025-01-20 18:01:24,482 INFO  [testPartnerClientSfdcInternalSessionIdConnect] client.PartnerClient setConfiguredSessionId (PartnerClient.java:680) - Using manually configured session id to bypass login
2025-01-20 18:01:24,696 INFO  [testUpdateBasicWithoutCompression] process.ProcessTestBase saveSfdcRecords (ProcessTestBase.java:279) - Upserting 10 total Accounts
2025-01-20 18:01:24,696 INFO  [testUpdateBasicWithoutCompression] dataloader.TestBase getBinding (TestBase.java:251) - Getting binding for URL: https://ashit-dev-ed.my.salesforce.com//services/Soap/u/63.0/
2025-01-20 18:01:24,696 INFO  [testUpdateBasicWithoutCompression] dataloader.TestBase newConnection (TestBase.java:319) - Logging in as dltest@dl.com/dataloader6 to URL: https://ashit-dev-ed.my.salesforce.com//services/Soap/u/63.0/
2025-01-20 18:01:25,041 ERROR [testUpdateBasicWithoutCompression] dataloader.TestBase getBinding (TestBase.java:254) - Failed to invoke server APIs of version 63.0
2025-01-20 18:01:25,042 INFO  [testUpdateBasicWithoutCompression] dataloader.TestBase getBinding (TestBase.java:257) - Getting binding for URL: https://ashit-dev-ed.my.salesforce.com//services/Soap/u/62.0/
2025-01-20 18:01:25,042 INFO  [testUpdateBasicWithoutCompression] dataloader.TestBase newConnection (TestBase.java:319) - Logging in as dltest@dl.com/dataloader6 to URL: https://ashit-dev-ed.my.salesforce.com//services/Soap/u/62.0/
2025-01-20 18:01:26,124 INFO  [testUpdateBasicWithoutCompression] client.PartnerClient dologin (PartnerClient.java:638) - Beginning Partner Salesforce login ....
2025-01-20 18:01:26,125 INFO  [testUpdateBasicWithoutCompression] client.PartnerClient loginInternal (PartnerClient.java:693) - Salesforce login to https://ashit-dev-ed.my.salesforce.com//services/Soap/u/62.0/ as user dltest@dl.com
2025-01-20 18:01:26,553 INFO  [testUpdateBasicWithoutCompression] client.PartnerClient dologin (PartnerClient.java:638) - Beginning Partner Salesforce login ....
2025-01-20 18:01:26,553 INFO  [testUpdateBasicWithoutCompression] client.PartnerClient loginInternal (PartnerClient.java:693) - Salesforce login to https://ashit-dev-ed.my.salesforce.com//services/Soap/u/62.0/ as user dltest@dl.com
2025-01-20 18:01:27,156 INFO  [testUpdateBasicWithoutCompression] client.PartnerClient dologin (PartnerClient.java:638) - Beginning Partner Salesforce login ....
2025-01-20 18:01:27,156 INFO  [testUpdateBasicWithoutCompression] client.PartnerClient loginInternal (PartnerClient.java:693) - Salesforce login to https://ashit-dev-ed.my.salesforce.com//services/Soap/u/62.0/ as user dltest@dl.com
2025-01-20 18:01:28,993 INFO  [main] dataloader.PartnerConnectionForTest deleteSfdcRecords (PartnerConnectionForTest.java:189) - Deleted 11 total objects of type Account
2025-01-20 18:01:29,368 INFO  [main] dataloader.PartnerConnectionForTest deleteSfdcRecords (PartnerConnectionForTest.java:189) - Deleted 0 total objects of type Task
2025-01-20 18:01:29,742 INFO  [main] dataloader.PartnerConnectionForTest deleteSfdcRecords (PartnerConnectionForTest.java:189) - Deleted 0 total objects of type TestField__c
2025-01-20 18:01:29,901 INFO  [main] dataloader.PartnerConnectionForTest deleteSfdcRecords (PartnerConnectionForTest.java:189) - Deleted 0 total objects of type Contact
2025-01-20 18:01:29,945 INFO  [testDeleteFailBasic] client.PartnerClient dologin (PartnerClient.java:638) - Beginning Partner Salesforce login ....
2025-01-20 18:01:29,946 INFO  [testDeleteFailBasic] client.PartnerClient loginInternal (PartnerClient.java:693) - Salesforce login to https://ashit-dev-ed.my.salesforce.com//services/Soap/u/62.0/ as user dltest@dl.com
2025-01-20 18:01:30,470 INFO  [testDeleteFailBasic] client.PartnerClient dologin (PartnerClient.java:638) - Beginning Partner Salesforce login ....
2025-01-20 18:01:30,471 INFO  [testDeleteFailBasic] client.PartnerClient loginInternal (PartnerClient.java:693) - Salesforce login to https://ashit-dev-ed.my.salesforce.com//services/Soap/u/62.0/ as user dltest@dl.com
2025-01-20 18:01:30,921 ERROR [testDeleteFailBasic] client.PartnerClient processResult (PartnerClient.java:520) - Errors were found on item0
2025-01-20 18:01:30,921 ERROR [testDeleteFailBasic] client.PartnerClient processResult (PartnerClient.java:522) - Error code is:INVALID_ID_FIELD
2025-01-20 18:01:30,921 ERROR [testDeleteFailBasic] client.PartnerClient processResult (PartnerClient.java:523) - Error message:invalid record id
2025-01-20 18:01:30,960 INFO  [testUpdateFailBasic] client.PartnerClient dologin (PartnerClient.java:638) - Beginning Partner Salesforce login ....
2025-01-20 18:01:30,960 INFO  [testUpdateFailBasic] client.PartnerClient loginInternal (PartnerClient.java:693) - Salesforce login to https://ashit-dev-ed.my.salesforce.com//services/Soap/u/62.0/ as user dltest@dl.com
2025-01-20 18:01:31,560 INFO  [testUpdateFailBasic] client.PartnerClient dologin (PartnerClient.java:638) - Beginning Partner Salesforce login ....
2025-01-20 18:01:31,561 INFO  [testUpdateFailBasic] client.PartnerClient loginInternal (PartnerClient.java:693) - Salesforce login to https://ashit-dev-ed.my.salesforce.com//services/Soap/u/62.0/ as user dltest@dl.com
2025-01-20 18:01:31,904 ERROR [testUpdateFailBasic] client.PartnerClient processResult (PartnerClient.java:520) - Errors were found on item0
2025-01-20 18:01:31,905 ERROR [testUpdateFailBasic] client.PartnerClient processResult (PartnerClient.java:522) - Error code is:MISSING_ARGUMENT
2025-01-20 18:01:31,905 ERROR [testUpdateFailBasic] client.PartnerClient processResult (PartnerClient.java:523) - Error message:Id not specified in an update call
2025-01-20 18:01:31,969 INFO  [testDescribeSObjects] client.PartnerClient dologin (PartnerClient.java:638) - Beginning Partner Salesforce login ....
2025-01-20 18:01:31,969 INFO  [testDescribeSObjects] client.PartnerClient loginInternal (PartnerClient.java:693) - Salesforce login to https://ashit-dev-ed.my.salesforce.com//services/Soap/u/62.0/ as user dltest@dl.com
